{"/Users/keshav/package/csview/src/color.ts": {"path":"/Users/keshav/package/csview/src/color.ts","statementMap":{"0":{"start":{"line":6,"column":0},"end":{"line":6,"column":13}},"1":{"start":{"line":8,"column":8},"end":{"line":8,"column":null}},"2":{"start":{"line":9,"column":8},"end":{"line":9,"column":null}},"3":{"start":{"line":10,"column":8},"end":{"line":10,"column":null}},"4":{"start":{"line":11,"column":8},"end":{"line":11,"column":null}},"5":{"start":{"line":12,"column":8},"end":{"line":12,"column":null}},"6":{"start":{"line":13,"column":8},"end":{"line":13,"column":null}},"7":{"start":{"line":14,"column":8},"end":{"line":14,"column":null}},"8":{"start":{"line":15,"column":8},"end":{"line":15,"column":null}},"9":{"start":{"line":16,"column":8},"end":{"line":16,"column":null}},"10":{"start":{"line":17,"column":8},"end":{"line":17,"column":null}},"11":{"start":{"line":18,"column":8},"end":{"line":18,"column":null}},"12":{"start":{"line":19,"column":8},"end":{"line":19,"column":null}},"13":{"start":{"line":20,"column":8},"end":{"line":20,"column":null}},"14":{"start":{"line":21,"column":8},"end":{"line":21,"column":null}},"15":{"start":{"line":22,"column":8},"end":{"line":22,"column":null}},"16":{"start":{"line":23,"column":8},"end":{"line":23,"column":null}},"17":{"start":{"line":44,"column":15},"end":{"line":44,"column":78}},"18":{"start":{"line":45,"column":1},"end":{"line":49,"column":null}},"19":{"start":{"line":54,"column":1},"end":{"line":67,"column":2}},"20":{"start":{"line":55,"column":2},"end":{"line":55,"column":null}},"21":{"start":{"line":57,"column":6},"end":{"line":67,"column":2}},"22":{"start":{"line":58,"column":2},"end":{"line":61,"column":null}},"23":{"start":{"line":59,"column":3},"end":{"line":59,"column":null}},"24":{"start":{"line":60,"column":7},"end":{"line":61,"column":null}},"25":{"start":{"line":61,"column":3},"end":{"line":61,"column":null}},"26":{"start":{"line":64,"column":6},"end":{"line":67,"column":2}},"27":{"start":{"line":65,"column":2},"end":{"line":66,"column":null}},"28":{"start":{"line":66,"column":3},"end":{"line":66,"column":null}},"29":{"start":{"line":68,"column":1},"end":{"line":68,"column":null}},"30":{"start":{"line":52,"column":0},"end":{"line":52,"column":16}},"31":{"start":{"line":81,"column":1},"end":{"line":94,"column":2}},"32":{"start":{"line":81,"column":14},"end":{"line":81,"column":20}},"33":{"start":{"line":82,"column":21},"end":{"line":82,"column":30}},"34":{"start":{"line":83,"column":17},"end":{"line":83,"column":25}},"35":{"start":{"line":84,"column":18},"end":{"line":84,"column":27}},"36":{"start":{"line":86,"column":2},"end":{"line":86,"column":28}},"37":{"start":{"line":86,"column":20},"end":{"line":86,"column":28}},"38":{"start":{"line":88,"column":2},"end":{"line":93,"column":null}},"39":{"start":{"line":71,"column":0},"end":{"line":71,"column":16}},"40":{"start":{"line":112,"column":18},"end":{"line":112,"column":19}},"41":{"start":{"line":113,"column":16},"end":{"line":113,"column":21}},"42":{"start":{"line":114,"column":15},"end":{"line":114,"column":68}},"43":{"start":{"line":115,"column":1},"end":{"line":116,"column":8}},"44":{"start":{"line":116,"column":2},"end":{"line":116,"column":8}},"45":{"start":{"line":118,"column":18},"end":{"line":118,"column":39}},"46":{"start":{"line":119,"column":14},"end":{"line":119,"column":24}},"47":{"start":{"line":123,"column":1},"end":{"line":168,"column":2}},"48":{"start":{"line":123,"column":17},"end":{"line":123,"column":18}},"49":{"start":{"line":125,"column":2},"end":{"line":153,"column":3}},"50":{"start":{"line":125,"column":17},"end":{"line":125,"column":25}},"51":{"start":{"line":128,"column":21},"end":{"line":128,"column":42}},"52":{"start":{"line":129,"column":17},"end":{"line":129,"column":39}},"53":{"start":{"line":132,"column":3},"end":{"line":136,"column":4}},"54":{"start":{"line":134,"column":4},"end":{"line":134,"column":null}},"55":{"start":{"line":135,"column":4},"end":{"line":135,"column":9}},"56":{"start":{"line":140,"column":3},"end":{"line":148,"column":4}},"57":{"start":{"line":141,"column":4},"end":{"line":141,"column":null}},"58":{"start":{"line":142,"column":4},"end":{"line":142,"column":null}},"59":{"start":{"line":145,"column":22},"end":{"line":145,"column":48}},"60":{"start":{"line":146,"column":4},"end":{"line":147,"column":null}},"61":{"start":{"line":147,"column":5},"end":{"line":147,"column":null}},"62":{"start":{"line":151,"column":3},"end":{"line":152,"column":null}},"63":{"start":{"line":152,"column":4},"end":{"line":152,"column":null}},"64":{"start":{"line":156,"column":2},"end":{"line":159,"column":3}},"65":{"start":{"line":157,"column":23},"end":{"line":157,"column":56}},"66":{"start":{"line":158,"column":3},"end":{"line":158,"column":null}},"67":{"start":{"line":162,"column":2},"end":{"line":165,"column":3}},"68":{"start":{"line":163,"column":3},"end":{"line":163,"column":null}},"69":{"start":{"line":164,"column":3},"end":{"line":164,"column":null}},"70":{"start":{"line":167,"column":2},"end":{"line":167,"column":null}},"71":{"start":{"line":100,"column":0},"end":{"line":100,"column":16}}},"fnMap":{"0":{"name":"ansiColor","decl":{"start":{"line":42,"column":9},"end":{"line":42,"column":18}},"loc":{"start":{"line":42,"column":64},"end":{"line":50,"column":1}}},"1":{"name":"colorValue","decl":{"start":{"line":52,"column":16},"end":{"line":52,"column":26}},"loc":{"start":{"line":52,"column":96},"end":{"line":69,"column":1}}}},"branchMap":{"0":{"loc":{"start":{"line":54,"column":1},"end":{"line":67,"column":2}},"type":"if","locations":[{"start":{"line":54,"column":1},"end":{"line":67,"column":2}},{"start":{"line":57,"column":6},"end":{"line":67,"column":2}}]},"1":{"loc":{"start":{"line":54,"column":5},"end":{"line":54,"column":53}},"type":"binary-expr","locations":[{"start":{"line":54,"column":6},"end":{"line":54,"column":16}},{"start":{"line":54,"column":20},"end":{"line":54,"column":30}},{"start":{"line":54,"column":35},"end":{"line":54,"column":53}}]},"2":{"loc":{"start":{"line":55,"column":23},"end":{"line":55,"column":42}},"type":"cond-expr","locations":[{"start":{"line":55,"column":36},"end":{"line":55,"column":38}},{"start":{"line":55,"column":41},"end":{"line":55,"column":42}}]},"3":{"loc":{"start":{"line":57,"column":6},"end":{"line":67,"column":2}},"type":"if","locations":[{"start":{"line":57,"column":6},"end":{"line":67,"column":2}},{"start":{"line":64,"column":6},"end":{"line":67,"column":2}}]},"4":{"loc":{"start":{"line":58,"column":2},"end":{"line":61,"column":null}},"type":"if","locations":[{"start":{"line":58,"column":2},"end":{"line":61,"column":null}},{"start":{"line":60,"column":7},"end":{"line":61,"column":null}}]},"5":{"loc":{"start":{"line":59,"column":11},"end":{"line":59,"column":67}},"type":"cond-expr","locations":[{"start":{"line":59,"column":31},"end":{"line":59,"column":46}},{"start":{"line":59,"column":51},"end":{"line":59,"column":66}}]},"6":{"loc":{"start":{"line":60,"column":7},"end":{"line":61,"column":null}},"type":"if","locations":[{"start":{"line":60,"column":7},"end":{"line":61,"column":null}}]},"7":{"loc":{"start":{"line":64,"column":6},"end":{"line":67,"column":2}},"type":"if","locations":[{"start":{"line":64,"column":6},"end":{"line":67,"column":2}}]},"8":{"loc":{"start":{"line":65,"column":2},"end":{"line":66,"column":null}},"type":"if","locations":[{"start":{"line":65,"column":2},"end":{"line":66,"column":null}}]},"9":{"loc":{"start":{"line":65,"column":6},"end":{"line":65,"column":59}},"type":"binary-expr","locations":[{"start":{"line":65,"column":6},"end":{"line":65,"column":21}},{"start":{"line":65,"column":25},"end":{"line":65,"column":40}},{"start":{"line":65,"column":44},"end":{"line":65,"column":59}}]},"10":{"loc":{"start":{"line":86,"column":2},"end":{"line":86,"column":28}},"type":"if","locations":[{"start":{"line":86,"column":2},"end":{"line":86,"column":28}}]},"11":{"loc":{"start":{"line":115,"column":1},"end":{"line":116,"column":8}},"type":"if","locations":[{"start":{"line":115,"column":1},"end":{"line":116,"column":8}}]},"12":{"loc":{"start":{"line":118,"column":18},"end":{"line":118,"column":39}},"type":"cond-expr","locations":[{"start":{"line":118,"column":31},"end":{"line":118,"column":33}},{"start":{"line":118,"column":36},"end":{"line":118,"column":39}}]},"13":{"loc":{"start":{"line":132,"column":3},"end":{"line":136,"column":4}},"type":"if","locations":[{"start":{"line":132,"column":3},"end":{"line":136,"column":4}}]},"14":{"loc":{"start":{"line":132,"column":7},"end":{"line":132,"column":63}},"type":"binary-expr","locations":[{"start":{"line":132,"column":7},"end":{"line":132,"column":24}},{"start":{"line":132,"column":28},"end":{"line":132,"column":63}}]},"15":{"loc":{"start":{"line":140,"column":3},"end":{"line":148,"column":4}},"type":"if","locations":[{"start":{"line":140,"column":3},"end":{"line":148,"column":4}}]},"16":{"loc":{"start":{"line":146,"column":4},"end":{"line":147,"column":null}},"type":"if","locations":[{"start":{"line":146,"column":4},"end":{"line":147,"column":null}}]},"17":{"loc":{"start":{"line":151,"column":3},"end":{"line":152,"column":null}},"type":"if","locations":[{"start":{"line":151,"column":3},"end":{"line":152,"column":null}}]},"18":{"loc":{"start":{"line":156,"column":2},"end":{"line":159,"column":3}},"type":"if","locations":[{"start":{"line":156,"column":2},"end":{"line":159,"column":3}}]},"19":{"loc":{"start":{"line":162,"column":2},"end":{"line":165,"column":3}},"type":"if","locations":[{"start":{"line":162,"column":2},"end":{"line":165,"column":3}}]}},"s":{"0":1,"1":1,"2":1,"3":1,"4":1,"5":1,"6":1,"7":1,"8":1,"9":1,"10":1,"11":1,"12":1,"13":1,"14":1,"15":1,"16":1,"17":16,"18":16,"19":0,"20":0,"21":0,"22":0,"23":0,"24":0,"25":0,"26":0,"27":0,"28":0,"29":0,"30":1,"31":0,"32":0,"33":0,"34":0,"35":0,"36":0,"37":0,"38":0,"39":1,"40":0,"41":0,"42":0,"43":0,"44":0,"45":0,"46":0,"47":0,"48":0,"49":0,"50":0,"51":0,"52":0,"53":0,"54":0,"55":0,"56":0,"57":0,"58":0,"59":0,"60":0,"61":0,"62":0,"63":0,"64":0,"65":0,"66":0,"67":0,"68":0,"69":0,"70":0,"71":1},"f":{"0":16,"1":0},"b":{"0":[0,0],"1":[0,0,0],"2":[0,0],"3":[0,0],"4":[0,0],"5":[0,0],"6":[0],"7":[0],"8":[0],"9":[0,0,0],"10":[0],"11":[0],"12":[0,0],"13":[0],"14":[0,0],"15":[0],"16":[0],"17":[0],"18":[0],"19":[0]}}
,"/Users/keshav/package/csview/src/index.ts": {"path":"/Users/keshav/package/csview/src/index.ts","statementMap":{"0":{"start":{"line":1,"column":0},"end":{"line":1,"column":24}},"1":{"start":{"line":2,"column":0},"end":{"line":2,"column":23}},"2":{"start":{"line":3,"column":0},"end":{"line":3,"column":24}},"3":{"start":{"line":4,"column":0},"end":{"line":4,"column":26}}},"fnMap":{},"branchMap":{},"s":{"0":1,"1":1,"2":1,"3":1},"f":{},"b":{}}
,"/Users/keshav/package/csview/src/output.ts": {"path":"/Users/keshav/package/csview/src/output.ts","statementMap":{"0":{"start":{"line":4,"column":0},"end":{"line":4,"column":null}},"1":{"start":{"line":17,"column":0},"end":{"line":17,"column":null}},"2":{"start":{"line":22,"column":0},"end":{"line":22,"column":null}},"3":{"start":{"line":26,"column":0},"end":{"line":26,"column":null}},"4":{"start":{"line":33,"column":0},"end":{"line":33,"column":null}},"5":{"start":{"line":55,"column":9},"end":{"line":55,"column":24}},"6":{"start":{"line":56,"column":9},"end":{"line":56,"column":24}},"7":{"start":{"line":63,"column":9},"end":{"line":63,"column":23}},"8":{"start":{"line":64,"column":9},"end":{"line":64,"column":22}},"9":{"start":{"line":65,"column":9},"end":{"line":65,"column":25}},"10":{"start":{"line":66,"column":9},"end":{"line":66,"column":25}},"11":{"start":{"line":67,"column":9},"end":{"line":67,"column":29}},"12":{"start":{"line":68,"column":9},"end":{"line":68,"column":30}},"13":{"start":{"line":82,"column":2},"end":{"line":82,"column":null}},"14":{"start":{"line":83,"column":2},"end":{"line":83,"column":null}},"15":{"start":{"line":84,"column":2},"end":{"line":84,"column":null}},"16":{"start":{"line":85,"column":2},"end":{"line":85,"column":null}},"17":{"start":{"line":89,"column":2},"end":{"line":89,"column":null}},"18":{"start":{"line":92,"column":8},"end":{"line":92,"column":null}},"19":{"start":{"line":93,"column":2},"end":{"line":93,"column":null}},"20":{"start":{"line":94,"column":2},"end":{"line":94,"column":null}},"21":{"start":{"line":97,"column":2},"end":{"line":98,"column":null}},"22":{"start":{"line":100,"column":2},"end":{"line":103,"column":null}},"23":{"start":{"line":101,"column":3},"end":{"line":101,"column":null}},"24":{"start":{"line":102,"column":3},"end":{"line":102,"column":null}},"25":{"start":{"line":113,"column":2},"end":{"line":113,"column":null}},"26":{"start":{"line":116,"column":2},"end":{"line":116,"column":null}},"27":{"start":{"line":117,"column":2},"end":{"line":117,"column":null}},"28":{"start":{"line":118,"column":8},"end":{"line":118,"column":null}},"29":{"start":{"line":119,"column":2},"end":{"line":119,"column":null}},"30":{"start":{"line":123,"column":2},"end":{"line":125,"column":3}},"31":{"start":{"line":124,"column":3},"end":{"line":124,"column":null}},"32":{"start":{"line":126,"column":2},"end":{"line":126,"column":null}},"33":{"start":{"line":127,"column":2},"end":{"line":127,"column":null}},"34":{"start":{"line":136,"column":8},"end":{"line":140,"column":9}},"35":{"start":{"line":137,"column":12},"end":{"line":137,"column":null}},"36":{"start":{"line":138,"column":12},"end":{"line":138,"column":null}},"37":{"start":{"line":139,"column":12},"end":{"line":139,"column":null}},"38":{"start":{"line":143,"column":27},"end":{"line":143,"column":54}},"39":{"start":{"line":146,"column":2},"end":{"line":174,"column":3}},"40":{"start":{"line":146,"column":15},"end":{"line":146,"column":16}},"41":{"start":{"line":149,"column":30},"end":{"line":149,"column":43}},"42":{"start":{"line":150,"column":12},"end":{"line":173,"column":13}},"43":{"start":{"line":151,"column":39},"end":{"line":151,"column":57}},"44":{"start":{"line":152,"column":34},"end":{"line":152,"column":47}},"45":{"start":{"line":155,"column":16},"end":{"line":166,"column":17}},"46":{"start":{"line":156,"column":20},"end":{"line":156,"column":null}},"47":{"start":{"line":157,"column":20},"end":{"line":157,"column":null}},"48":{"start":{"line":158,"column":20},"end":{"line":158,"column":null}},"49":{"start":{"line":162,"column":21},"end":{"line":166,"column":17}},"50":{"start":{"line":163,"column":20},"end":{"line":163,"column":null}},"51":{"start":{"line":164,"column":20},"end":{"line":164,"column":null}},"52":{"start":{"line":165,"column":20},"end":{"line":165,"column":null}},"53":{"start":{"line":170,"column":16},"end":{"line":170,"column":null}},"54":{"start":{"line":171,"column":7},"end":{"line":171,"column":null}},"55":{"start":{"line":172,"column":7},"end":{"line":172,"column":null}},"56":{"start":{"line":178,"column":8},"end":{"line":183,"column":9}},"57":{"start":{"line":179,"column":27},"end":{"line":179,"column":58}},"58":{"start":{"line":180,"column":12},"end":{"line":180,"column":null}},"59":{"start":{"line":181,"column":12},"end":{"line":181,"column":null}},"60":{"start":{"line":182,"column":12},"end":{"line":182,"column":null}},"61":{"start":{"line":192,"column":2},"end":{"line":193,"column":null}},"62":{"start":{"line":193,"column":3},"end":{"line":193,"column":null}},"63":{"start":{"line":197,"column":17},"end":{"line":197,"column":38}},"64":{"start":{"line":198,"column":12},"end":{"line":198,"column":30}},"65":{"start":{"line":199,"column":2},"end":{"line":200,"column":null}},"66":{"start":{"line":200,"column":3},"end":{"line":200,"column":null}},"67":{"start":{"line":203,"column":16},"end":{"line":203,"column":38}},"68":{"start":{"line":204,"column":15},"end":{"line":204,"column":57}},"69":{"start":{"line":207,"column":17},"end":{"line":207,"column":44}},"70":{"start":{"line":208,"column":17},"end":{"line":208,"column":46}},"71":{"start":{"line":209,"column":2},"end":{"line":209,"column":null}},"72":{"start":{"line":209,"column":16},"end":{"line":209,"column":null}},"73":{"start":{"line":212,"column":2},"end":{"line":212,"column":null}},"74":{"start":{"line":213,"column":8},"end":{"line":214,"column":null}},"75":{"start":{"line":214,"column":12},"end":{"line":214,"column":null}},"76":{"start":{"line":216,"column":19},"end":{"line":216,"column":90}},"77":{"start":{"line":220,"column":25},"end":{"line":220,"column":26}},"78":{"start":{"line":221,"column":23},"end":{"line":221,"column":28}},"79":{"start":{"line":222,"column":27},"end":{"line":222,"column":44}},"80":{"start":{"line":226,"column":8},"end":{"line":267,"column":9}},"81":{"start":{"line":226,"column":24},"end":{"line":226,"column":25}},"82":{"start":{"line":228,"column":12},"end":{"line":252,"column":13}},"83":{"start":{"line":228,"column":27},"end":{"line":228,"column":35}},"84":{"start":{"line":231,"column":30},"end":{"line":231,"column":69}},"85":{"start":{"line":232,"column":36},"end":{"line":232,"column":54}},"86":{"start":{"line":235,"column":16},"end":{"line":239,"column":17}},"87":{"start":{"line":237,"column":20},"end":{"line":237,"column":null}},"88":{"start":{"line":238,"column":20},"end":{"line":238,"column":25}},"89":{"start":{"line":243,"column":32},"end":{"line":243,"column":60}},"90":{"start":{"line":244,"column":16},"end":{"line":247,"column":17}},"91":{"start":{"line":245,"column":20},"end":{"line":245,"column":null}},"92":{"start":{"line":246,"column":20},"end":{"line":246,"column":null}},"93":{"start":{"line":250,"column":16},"end":{"line":251,"column":null}},"94":{"start":{"line":251,"column":20},"end":{"line":251,"column":null}},"95":{"start":{"line":255,"column":12},"end":{"line":258,"column":13}},"96":{"start":{"line":256,"column":36},"end":{"line":256,"column":73}},"97":{"start":{"line":257,"column":16},"end":{"line":257,"column":null}},"98":{"start":{"line":261,"column":12},"end":{"line":264,"column":13}},"99":{"start":{"line":262,"column":16},"end":{"line":262,"column":null}},"100":{"start":{"line":263,"column":16},"end":{"line":263,"column":null}},"101":{"start":{"line":266,"column":12},"end":{"line":266,"column":null}},"102":{"start":{"line":270,"column":8},"end":{"line":270,"column":null}},"103":{"start":{"line":278,"column":2},"end":{"line":285,"column":null}},"104":{"start":{"line":292,"column":2},"end":{"line":299,"column":null}},"105":{"start":{"line":303,"column":2},"end":{"line":311,"column":null}},"106":{"start":{"line":318,"column":31},"end":{"line":318,"column":33}},"107":{"start":{"line":319,"column":2},"end":{"line":329,"column":3}},"108":{"start":{"line":319,"column":15},"end":{"line":319,"column":16}},"109":{"start":{"line":320,"column":3},"end":{"line":327,"column":4}},"110":{"start":{"line":320,"column":16},"end":{"line":320,"column":17}},"111":{"start":{"line":321,"column":18},"end":{"line":321,"column":78}},"112":{"start":{"line":322,"column":4},"end":{"line":326,"column":null}},"113":{"start":{"line":323,"column":5},"end":{"line":323,"column":null}},"114":{"start":{"line":326,"column":5},"end":{"line":326,"column":null}},"115":{"start":{"line":328,"column":3},"end":{"line":328,"column":null}},"116":{"start":{"line":330,"column":2},"end":{"line":330,"column":null}},"117":{"start":{"line":337,"column":2},"end":{"line":337,"column":null}},"118":{"start":{"line":338,"column":31},"end":{"line":338,"column":44}},"119":{"start":{"line":339,"column":2},"end":{"line":340,"column":null}},"120":{"start":{"line":339,"column":15},"end":{"line":339,"column":16}},"121":{"start":{"line":340,"column":3},"end":{"line":340,"column":null}},"122":{"start":{"line":341,"column":2},"end":{"line":341,"column":null}},"123":{"start":{"line":342,"column":2},"end":{"line":358,"column":3}},"124":{"start":{"line":342,"column":15},"end":{"line":342,"column":16}},"125":{"start":{"line":343,"column":3},"end":{"line":356,"column":4}},"126":{"start":{"line":343,"column":16},"end":{"line":343,"column":17}},"127":{"start":{"line":344,"column":17},"end":{"line":344,"column":60}},"128":{"start":{"line":346,"column":4},"end":{"line":355,"column":5}},"129":{"start":{"line":346,"column":19},"end":{"line":346,"column":20}},"130":{"start":{"line":347,"column":19},"end":{"line":347,"column":32}},"131":{"start":{"line":348,"column":21},"end":{"line":348,"column":116}},"132":{"start":{"line":349,"column":5},"end":{"line":352,"column":null}},"133":{"start":{"line":350,"column":6},"end":{"line":350,"column":null}},"134":{"start":{"line":352,"column":10},"end":{"line":352,"column":null}},"135":{"start":{"line":354,"column":5},"end":{"line":354,"column":null}},"136":{"start":{"line":357,"column":3},"end":{"line":357,"column":null}},"137":{"start":{"line":359,"column":2},"end":{"line":359,"column":null}},"138":{"start":{"line":366,"column":2},"end":{"line":382,"column":null}},"139":{"start":{"line":367,"column":3},"end":{"line":367,"column":null}},"140":{"start":{"line":368,"column":3},"end":{"line":380,"column":null}},"141":{"start":{"line":369,"column":4},"end":{"line":369,"column":null}},"142":{"start":{"line":370,"column":4},"end":{"line":370,"column":null}},"143":{"start":{"line":371,"column":4},"end":{"line":374,"column":5}},"144":{"start":{"line":372,"column":5},"end":{"line":372,"column":null}},"145":{"start":{"line":373,"column":5},"end":{"line":373,"column":null}},"146":{"start":{"line":375,"column":4},"end":{"line":375,"column":null}},"147":{"start":{"line":378,"column":4},"end":{"line":378,"column":null}},"148":{"start":{"line":379,"column":4},"end":{"line":379,"column":null}},"149":{"start":{"line":382,"column":7},"end":{"line":382,"column":null}},"150":{"start":{"line":386,"column":2},"end":{"line":390,"column":null}},"151":{"start":{"line":387,"column":3},"end":{"line":389,"column":null}},"152":{"start":{"line":388,"column":4},"end":{"line":388,"column":null}},"153":{"start":{"line":397,"column":16},"end":{"line":397,"column":17}},"154":{"start":{"line":398,"column":2},"end":{"line":403,"column":3}},"155":{"start":{"line":398,"column":15},"end":{"line":398,"column":16}},"156":{"start":{"line":399,"column":3},"end":{"line":402,"column":null}},"157":{"start":{"line":400,"column":4},"end":{"line":400,"column":null}},"158":{"start":{"line":401,"column":4},"end":{"line":401,"column":null}},"159":{"start":{"line":404,"column":2},"end":{"line":404,"column":null}},"160":{"start":{"line":406,"column":2},"end":{"line":406,"column":null}},"161":{"start":{"line":410,"column":2},"end":{"line":413,"column":null}},"162":{"start":{"line":417,"column":2},"end":{"line":445,"column":null}},"163":{"start":{"line":418,"column":3},"end":{"line":442,"column":null}},"164":{"start":{"line":419,"column":19},"end":{"line":419,"column":39}},"165":{"start":{"line":420,"column":4},"end":{"line":420,"column":null}},"166":{"start":{"line":421,"column":4},"end":{"line":422,"column":null}},"167":{"start":{"line":422,"column":5},"end":{"line":422,"column":null}},"168":{"start":{"line":425,"column":4},"end":{"line":441,"column":null}},"169":{"start":{"line":427,"column":17},"end":{"line":427,"column":68}},"170":{"start":{"line":428,"column":23},"end":{"line":428,"column":39}},"171":{"start":{"line":429,"column":5},"end":{"line":430,"column":null}},"172":{"start":{"line":430,"column":6},"end":{"line":430,"column":null}},"173":{"start":{"line":433,"column":15},"end":{"line":433,"column":57}},"174":{"start":{"line":434,"column":15},"end":{"line":434,"column":56}},"175":{"start":{"line":435,"column":5},"end":{"line":436,"column":null}},"176":{"start":{"line":436,"column":6},"end":{"line":436,"column":null}},"177":{"start":{"line":438,"column":5},"end":{"line":438,"column":null}},"178":{"start":{"line":441,"column":9},"end":{"line":441,"column":null}},"179":{"start":{"line":443,"column":3},"end":{"line":443,"column":null}},"180":{"start":{"line":444,"column":3},"end":{"line":444,"column":null}},"181":{"start":{"line":449,"column":2},"end":{"line":460,"column":null}},"182":{"start":{"line":450,"column":3},"end":{"line":450,"column":null}},"183":{"start":{"line":451,"column":3},"end":{"line":451,"column":null}},"184":{"start":{"line":452,"column":3},"end":{"line":452,"column":null}},"185":{"start":{"line":454,"column":3},"end":{"line":459,"column":null}},"186":{"start":{"line":455,"column":4},"end":{"line":455,"column":null}},"187":{"start":{"line":456,"column":4},"end":{"line":457,"column":null}},"188":{"start":{"line":457,"column":5},"end":{"line":457,"column":null}},"189":{"start":{"line":458,"column":4},"end":{"line":458,"column":null}},"190":{"start":{"line":464,"column":2},"end":{"line":465,"column":9}},"191":{"start":{"line":465,"column":3},"end":{"line":465,"column":9}},"192":{"start":{"line":467,"column":2},"end":{"line":480,"column":null}},"193":{"start":{"line":484,"column":2},"end":{"line":486,"column":null}},"194":{"start":{"line":490,"column":2},"end":{"line":490,"column":null}},"195":{"start":{"line":494,"column":2},"end":{"line":500,"column":null}},"196":{"start":{"line":504,"column":2},"end":{"line":504,"column":null}},"197":{"start":{"line":508,"column":2},"end":{"line":508,"column":null}},"198":{"start":{"line":512,"column":2},"end":{"line":512,"column":null}},"199":{"start":{"line":516,"column":2},"end":{"line":516,"column":null}},"200":{"start":{"line":520,"column":2},"end":{"line":520,"column":null}},"201":{"start":{"line":524,"column":2},"end":{"line":524,"column":null}},"202":{"start":{"line":42,"column":0},"end":{"line":42,"column":13}}},"fnMap":{"0":{"name":"(anonymous_0)","decl":{"start":{"line":75,"column":1},"end":{"line":75,"column":13}},"loc":{"start":{"line":80,"column":7},"end":{"line":104,"column":2}}},"1":{"name":"(anonymous_1)","decl":{"start":{"line":100,"column":30},"end":{"line":100,"column":null}},"loc":{"start":{"line":100,"column":30},"end":{"line":103,"column":3}}},"2":{"name":"(anonymous_2)","decl":{"start":{"line":111,"column":4},"end":{"line":111,"column":11}},"loc":{"start":{"line":111,"column":22},"end":{"line":120,"column":5}}},"3":{"name":"(anonymous_3)","decl":{"start":{"line":122,"column":1},"end":{"line":122,"column":12}},"loc":{"start":{"line":122,"column":27},"end":{"line":128,"column":2}}},"4":{"name":"(anonymous_4)","decl":{"start":{"line":134,"column":12},"end":{"line":134,"column":24}},"loc":{"start":{"line":134,"column":35},"end":{"line":184,"column":5}}},"5":{"name":"(anonymous_5)","decl":{"start":{"line":190,"column":1},"end":{"line":190,"column":6}},"loc":{"start":{"line":190,"column":58},"end":{"line":271,"column":2}}},"6":{"name":"(anonymous_6)","decl":{"start":{"line":277,"column":1},"end":{"line":277,"column":10}},"loc":{"start":{"line":277,"column":66},"end":{"line":286,"column":2}}},"7":{"name":"(anonymous_7)","decl":{"start":{"line":291,"column":1},"end":{"line":291,"column":9}},"loc":{"start":{"line":291,"column":40},"end":{"line":300,"column":2}}},"8":{"name":"(anonymous_8)","decl":{"start":{"line":302,"column":1},"end":{"line":302,"column":14}},"loc":{"start":{"line":302,"column":76},"end":{"line":312,"column":2}}},"9":{"name":"(anonymous_9)","decl":{"start":{"line":317,"column":1},"end":{"line":317,"column":12}},"loc":{"start":{"line":317,"column":12},"end":{"line":331,"column":2}}},"10":{"name":"(anonymous_10)","decl":{"start":{"line":336,"column":1},"end":{"line":336,"column":13}},"loc":{"start":{"line":336,"column":13},"end":{"line":360,"column":2}}},"11":{"name":"(anonymous_11)","decl":{"start":{"line":365,"column":1},"end":{"line":365,"column":6}},"loc":{"start":{"line":365,"column":13},"end":{"line":383,"column":2}}},"12":{"name":"(anonymous_12)","decl":{"start":{"line":368,"column":40},"end":{"line":368,"column":41}},"loc":{"start":{"line":368,"column":51},"end":{"line":376,"column":4}}},"13":{"name":"(anonymous_13)","decl":{"start":{"line":377,"column":10},"end":{"line":377,"column":11}},"loc":{"start":{"line":377,"column":20},"end":{"line":380,"column":4}}},"14":{"name":"(anonymous_14)","decl":{"start":{"line":385,"column":1},"end":{"line":385,"column":6}},"loc":{"start":{"line":385,"column":23},"end":{"line":391,"column":2}}},"15":{"name":"(anonymous_15)","decl":{"start":{"line":386,"column":21},"end":{"line":386,"column":22}},"loc":{"start":{"line":386,"column":33},"end":{"line":390,"column":3}}},"16":{"name":"(anonymous_16)","decl":{"start":{"line":387,"column":14},"end":{"line":387,"column":17}},"loc":{"start":{"line":387,"column":19},"end":{"line":389,"column":4}}},"17":{"name":"(anonymous_17)","decl":{"start":{"line":396,"column":9},"end":{"line":396,"column":22}},"loc":{"start":{"line":396,"column":22},"end":{"line":407,"column":2}}},"18":{"name":"(anonymous_18)","decl":{"start":{"line":399,"column":47},"end":{"line":399,"column":48}},"loc":{"start":{"line":399,"column":62},"end":{"line":402,"column":4}}},"19":{"name":"(anonymous_19)","decl":{"start":{"line":409,"column":1},"end":{"line":409,"column":11}},"loc":{"start":{"line":409,"column":32},"end":{"line":414,"column":2}}},"20":{"name":"(anonymous_20)","decl":{"start":{"line":416,"column":1},"end":{"line":416,"column":6}},"loc":{"start":{"line":416,"column":24},"end":{"line":446,"column":2}}},"21":{"name":"(anonymous_21)","decl":{"start":{"line":417,"column":21},"end":{"line":417,"column":22}},"loc":{"start":{"line":417,"column":65},"end":{"line":445,"column":3}}},"22":{"name":"(anonymous_22)","decl":{"start":{"line":418,"column":34},"end":{"line":418,"column":37}},"loc":{"start":{"line":418,"column":39},"end":{"line":442,"column":4}}},"23":{"name":"(anonymous_23)","decl":{"start":{"line":448,"column":1},"end":{"line":448,"column":6}},"loc":{"start":{"line":448,"column":18},"end":{"line":461,"column":2}}},"24":{"name":"(anonymous_24)","decl":{"start":{"line":449,"column":21},"end":{"line":449,"column":22}},"loc":{"start":{"line":449,"column":63},"end":{"line":460,"column":3}}},"25":{"name":"(anonymous_25)","decl":{"start":{"line":454,"column":30},"end":{"line":454,"column":31}},"loc":{"start":{"line":454,"column":46},"end":{"line":459,"column":4}}},"26":{"name":"(anonymous_26)","decl":{"start":{"line":463,"column":9},"end":{"line":463,"column":19}},"loc":{"start":{"line":463,"column":57},"end":{"line":481,"column":2}}},"27":{"name":"(anonymous_27)","decl":{"start":{"line":483,"column":1},"end":{"line":483,"column":9}},"loc":{"start":{"line":483,"column":9},"end":{"line":487,"column":2}}},"28":{"name":"(anonymous_28)","decl":{"start":{"line":489,"column":1},"end":{"line":489,"column":9}},"loc":{"start":{"line":489,"column":9},"end":{"line":491,"column":2}}},"29":{"name":"(anonymous_29)","decl":{"start":{"line":493,"column":1},"end":{"line":493,"column":11}},"loc":{"start":{"line":493,"column":11},"end":{"line":501,"column":2}}},"30":{"name":"(anonymous_30)","decl":{"start":{"line":503,"column":1},"end":{"line":503,"column":13}},"loc":{"start":{"line":503,"column":27},"end":{"line":505,"column":2}}},"31":{"name":"(anonymous_31)","decl":{"start":{"line":507,"column":1},"end":{"line":507,"column":12}},"loc":{"start":{"line":507,"column":12},"end":{"line":509,"column":2}}},"32":{"name":"(anonymous_32)","decl":{"start":{"line":511,"column":1},"end":{"line":511,"column":9}},"loc":{"start":{"line":511,"column":9},"end":{"line":513,"column":2}}},"33":{"name":"(anonymous_33)","decl":{"start":{"line":515,"column":1},"end":{"line":515,"column":10}},"loc":{"start":{"line":515,"column":10},"end":{"line":517,"column":2}}},"34":{"name":"(anonymous_34)","decl":{"start":{"line":519,"column":1},"end":{"line":519,"column":14}},"loc":{"start":{"line":519,"column":14},"end":{"line":521,"column":2}}},"35":{"name":"(anonymous_35)","decl":{"start":{"line":523,"column":1},"end":{"line":523,"column":13}},"loc":{"start":{"line":523,"column":13},"end":{"line":525,"column":2}}},"36":{"name":"(anonymous_36)","decl":{"start":{"line":527,"column":1},"end":{"line":527,"column":5}},"loc":{"start":{"line":527,"column":5},"end":{"line":529,"column":2}}}},"branchMap":{"0":{"loc":{"start":{"line":75,"column":13},"end":{"line":75,"column":42}},"type":"default-arg","locations":[{"start":{"line":75,"column":30},"end":{"line":75,"column":42}}]},"1":{"loc":{"start":{"line":75,"column":44},"end":{"line":80,"column":7}},"type":"default-arg","locations":[{"start":{"line":80,"column":5},"end":{"line":80,"column":7}}]},"2":{"loc":{"start":{"line":83,"column":15},"end":{"line":83,"column":60}},"type":"cond-expr","locations":[{"start":{"line":83,"column":26},"end":{"line":83,"column":56}},{"start":{"line":83,"column":59},"end":{"line":83,"column":60}}]},"3":{"loc":{"start":{"line":84,"column":15},"end":{"line":84,"column":36}},"type":"binary-expr","locations":[{"start":{"line":84,"column":15},"end":{"line":84,"column":27}},{"start":{"line":84,"column":31},"end":{"line":84,"column":36}}]},"4":{"loc":{"start":{"line":89,"column":48},"end":{"line":89,"column":66}},"type":"cond-expr","locations":[{"start":{"line":89,"column":61},"end":{"line":89,"column":62}},{"start":{"line":89,"column":65},"end":{"line":89,"column":66}}]},"5":{"loc":{"start":{"line":92,"column":24},"end":{"line":92,"column":42}},"type":"cond-expr","locations":[{"start":{"line":92,"column":37},"end":{"line":92,"column":38}},{"start":{"line":92,"column":41},"end":{"line":92,"column":42}}]},"6":{"loc":{"start":{"line":93,"column":18},"end":{"line":93,"column":49}},"type":"cond-expr","locations":[{"start":{"line":93,"column":31},"end":{"line":93,"column":40}},{"start":{"line":93,"column":43},"end":{"line":93,"column":49}}]},"7":{"loc":{"start":{"line":94,"column":18},"end":{"line":94,"column":44}},"type":"cond-expr","locations":[{"start":{"line":94,"column":31},"end":{"line":94,"column":37}},{"start":{"line":94,"column":40},"end":{"line":94,"column":44}}]},"8":{"loc":{"start":{"line":97,"column":15},"end":{"line":97,"column":38}},"type":"binary-expr","locations":[{"start":{"line":97,"column":15},"end":{"line":97,"column":26}},{"start":{"line":97,"column":30},"end":{"line":97,"column":38}}]},"9":{"loc":{"start":{"line":123,"column":2},"end":{"line":125,"column":3}},"type":"if","locations":[{"start":{"line":123,"column":2},"end":{"line":125,"column":3}}]},"10":{"loc":{"start":{"line":136,"column":8},"end":{"line":140,"column":9}},"type":"if","locations":[{"start":{"line":136,"column":8},"end":{"line":140,"column":9}}]},"11":{"loc":{"start":{"line":150,"column":12},"end":{"line":173,"column":13}},"type":"if","locations":[{"start":{"line":150,"column":12},"end":{"line":173,"column":13}},{"start":{"line":169,"column":8},"end":{"line":173,"column":13}}]},"12":{"loc":{"start":{"line":155,"column":16},"end":{"line":166,"column":17}},"type":"if","locations":[{"start":{"line":155,"column":16},"end":{"line":166,"column":17}},{"start":{"line":162,"column":21},"end":{"line":166,"column":17}}]},"13":{"loc":{"start":{"line":162,"column":21},"end":{"line":166,"column":17}},"type":"if","locations":[{"start":{"line":162,"column":21},"end":{"line":166,"column":17}}]},"14":{"loc":{"start":{"line":178,"column":8},"end":{"line":183,"column":9}},"type":"if","locations":[{"start":{"line":178,"column":8},"end":{"line":183,"column":9}}]},"15":{"loc":{"start":{"line":192,"column":2},"end":{"line":193,"column":null}},"type":"if","locations":[{"start":{"line":192,"column":2},"end":{"line":193,"column":null}}]},"16":{"loc":{"start":{"line":199,"column":2},"end":{"line":200,"column":null}},"type":"if","locations":[{"start":{"line":199,"column":2},"end":{"line":200,"column":null}}]},"17":{"loc":{"start":{"line":199,"column":6},"end":{"line":199,"column":35}},"type":"binary-expr","locations":[{"start":{"line":199,"column":6},"end":{"line":199,"column":11}},{"start":{"line":199,"column":15},"end":{"line":199,"column":35}}]},"18":{"loc":{"start":{"line":209,"column":2},"end":{"line":209,"column":null}},"type":"if","locations":[{"start":{"line":209,"column":2},"end":{"line":209,"column":null}}]},"19":{"loc":{"start":{"line":213,"column":8},"end":{"line":214,"column":null}},"type":"if","locations":[{"start":{"line":213,"column":8},"end":{"line":214,"column":null}}]},"20":{"loc":{"start":{"line":216,"column":58},"end":{"line":216,"column":89}},"type":"cond-expr","locations":[{"start":{"line":216,"column":71},"end":{"line":216,"column":80}},{"start":{"line":216,"column":83},"end":{"line":216,"column":89}}]},"21":{"loc":{"start":{"line":235,"column":16},"end":{"line":239,"column":17}},"type":"if","locations":[{"start":{"line":235,"column":16},"end":{"line":239,"column":17}}]},"22":{"loc":{"start":{"line":235,"column":20},"end":{"line":235,"column":76}},"type":"binary-expr","locations":[{"start":{"line":235,"column":20},"end":{"line":235,"column":44}},{"start":{"line":235,"column":48},"end":{"line":235,"column":76}}]},"23":{"loc":{"start":{"line":244,"column":16},"end":{"line":247,"column":17}},"type":"if","locations":[{"start":{"line":244,"column":16},"end":{"line":247,"column":17}}]},"24":{"loc":{"start":{"line":250,"column":16},"end":{"line":251,"column":null}},"type":"if","locations":[{"start":{"line":250,"column":16},"end":{"line":251,"column":null}}]},"25":{"loc":{"start":{"line":255,"column":12},"end":{"line":258,"column":13}},"type":"if","locations":[{"start":{"line":255,"column":12},"end":{"line":258,"column":13}}]},"26":{"loc":{"start":{"line":261,"column":12},"end":{"line":264,"column":13}},"type":"if","locations":[{"start":{"line":261,"column":12},"end":{"line":264,"column":13}}]},"27":{"loc":{"start":{"line":302,"column":35},"end":{"line":302,"column":76}},"type":"default-arg","locations":[{"start":{"line":302,"column":48},"end":{"line":302,"column":76}}]},"28":{"loc":{"start":{"line":322,"column":4},"end":{"line":326,"column":null}},"type":"if","locations":[{"start":{"line":322,"column":4},"end":{"line":326,"column":null}},{"start":{"line":326,"column":5},"end":{"line":326,"column":null}}]},"29":{"loc":{"start":{"line":322,"column":8},"end":{"line":322,"column":41}},"type":"binary-expr","locations":[{"start":{"line":322,"column":8},"end":{"line":322,"column":18}},{"start":{"line":322,"column":22},"end":{"line":322,"column":41}}]},"30":{"loc":{"start":{"line":348,"column":21},"end":{"line":348,"column":116}},"type":"cond-expr","locations":[{"start":{"line":348,"column":51},"end":{"line":348,"column":110}},{"start":{"line":348,"column":113},"end":{"line":348,"column":116}}]},"31":{"loc":{"start":{"line":349,"column":5},"end":{"line":352,"column":null}},"type":"if","locations":[{"start":{"line":349,"column":5},"end":{"line":352,"column":null}},{"start":{"line":352,"column":10},"end":{"line":352,"column":null}}]},"32":{"loc":{"start":{"line":366,"column":2},"end":{"line":382,"column":null}},"type":"if","locations":[{"start":{"line":366,"column":2},"end":{"line":382,"column":null}},{"start":{"line":382,"column":7},"end":{"line":382,"column":null}}]},"33":{"loc":{"start":{"line":371,"column":4},"end":{"line":374,"column":5}},"type":"if","locations":[{"start":{"line":371,"column":4},"end":{"line":374,"column":5}}]},"34":{"loc":{"start":{"line":421,"column":4},"end":{"line":422,"column":null}},"type":"if","locations":[{"start":{"line":421,"column":4},"end":{"line":422,"column":null}}]},"35":{"loc":{"start":{"line":425,"column":4},"end":{"line":441,"column":null}},"type":"if","locations":[{"start":{"line":425,"column":4},"end":{"line":441,"column":null}},{"start":{"line":441,"column":9},"end":{"line":441,"column":null}}]},"36":{"loc":{"start":{"line":425,"column":8},"end":{"line":425,"column":66}},"type":"binary-expr","locations":[{"start":{"line":425,"column":8},"end":{"line":425,"column":35}},{"start":{"line":425,"column":39},"end":{"line":425,"column":66}}]},"37":{"loc":{"start":{"line":429,"column":5},"end":{"line":430,"column":null}},"type":"if","locations":[{"start":{"line":429,"column":5},"end":{"line":430,"column":null}}]},"38":{"loc":{"start":{"line":435,"column":5},"end":{"line":436,"column":null}},"type":"if","locations":[{"start":{"line":435,"column":5},"end":{"line":436,"column":null}}]},"39":{"loc":{"start":{"line":435,"column":9},"end":{"line":435,"column":29}},"type":"binary-expr","locations":[{"start":{"line":435,"column":9},"end":{"line":435,"column":17}},{"start":{"line":435,"column":21},"end":{"line":435,"column":29}}]},"40":{"loc":{"start":{"line":456,"column":4},"end":{"line":457,"column":null}},"type":"if","locations":[{"start":{"line":456,"column":4},"end":{"line":457,"column":null}}]},"41":{"loc":{"start":{"line":464,"column":2},"end":{"line":465,"column":9}},"type":"if","locations":[{"start":{"line":464,"column":2},"end":{"line":465,"column":9}}]},"42":{"loc":{"start":{"line":464,"column":6},"end":{"line":464,"column":29}},"type":"binary-expr","locations":[{"start":{"line":464,"column":6},"end":{"line":464,"column":11}},{"start":{"line":464,"column":15},"end":{"line":464,"column":29}}]},"43":{"loc":{"start":{"line":490,"column":34},"end":{"line":490,"column":65}},"type":"cond-expr","locations":[{"start":{"line":490,"column":47},"end":{"line":490,"column":56}},{"start":{"line":490,"column":59},"end":{"line":490,"column":65}}]}},"s":{"0":1,"1":1,"2":1,"3":1,"4":1,"5":1,"6":1,"7":1,"8":1,"9":1,"10":1,"11":1,"12":1,"13":1,"14":1,"15":1,"16":1,"17":1,"18":1,"19":1,"20":1,"21":1,"22":1,"23":0,"24":0,"25":1,"26":1,"27":1,"28":1,"29":1,"30":1,"31":1,"32":1,"33":1,"34":1,"35":1,"36":1,"37":1,"38":1,"39":1,"40":1,"41":10,"42":10,"43":0,"44":0,"45":0,"46":0,"47":0,"48":0,"49":0,"50":0,"51":0,"52":0,"53":10,"54":10,"55":10,"56":1,"57":0,"58":0,"59":0,"60":0,"61":0,"62":0,"63":0,"64":0,"65":0,"66":0,"67":0,"68":0,"69":0,"70":0,"71":0,"72":0,"73":0,"74":0,"75":0,"76":0,"77":0,"78":0,"79":0,"80":0,"81":0,"82":0,"83":0,"84":0,"85":0,"86":0,"87":0,"88":0,"89":0,"90":0,"91":0,"92":0,"93":0,"94":0,"95":0,"96":0,"97":0,"98":0,"99":0,"100":0,"101":0,"102":0,"103":0,"104":0,"105":0,"106":0,"107":0,"108":0,"109":0,"110":0,"111":0,"112":0,"113":0,"114":0,"115":0,"116":0,"117":0,"118":0,"119":0,"120":0,"121":0,"122":0,"123":0,"124":0,"125":0,"126":0,"127":0,"128":0,"129":0,"130":0,"131":0,"132":0,"133":0,"134":0,"135":0,"136":0,"137":0,"138":0,"139":0,"140":0,"141":0,"142":0,"143":0,"144":0,"145":0,"146":0,"147":0,"148":0,"149":0,"150":0,"151":0,"152":0,"153":0,"154":0,"155":0,"156":0,"157":0,"158":0,"159":0,"160":0,"161":0,"162":0,"163":0,"164":0,"165":0,"166":0,"167":0,"168":0,"169":0,"170":0,"171":0,"172":0,"173":0,"174":0,"175":0,"176":0,"177":0,"178":0,"179":0,"180":0,"181":0,"182":0,"183":0,"184":0,"185":0,"186":0,"187":0,"188":0,"189":0,"190":0,"191":0,"192":0,"193":0,"194":0,"195":0,"196":0,"197":0,"198":0,"199":0,"200":0,"201":0,"202":1},"f":{"0":1,"1":0,"2":1,"3":1,"4":1,"5":0,"6":0,"7":0,"8":0,"9":0,"10":0,"11":0,"12":0,"13":0,"14":0,"15":0,"16":0,"17":0,"18":0,"19":0,"20":0,"21":0,"22":0,"23":0,"24":0,"25":0,"26":0,"27":0,"28":0,"29":0,"30":0,"31":0,"32":0,"33":0,"34":0,"35":0,"36":0},"b":{"0":[0],"1":[1],"2":[0,1],"3":[1,1],"4":[0,1],"5":[1,0],"6":[1,0],"7":[1,0],"8":[1,1],"9":[1],"10":[1],"11":[0,10],"12":[0,0],"13":[0],"14":[0],"15":[0],"16":[0],"17":[0,0],"18":[0],"19":[0],"20":[0,0],"21":[0],"22":[0,0],"23":[0],"24":[0],"25":[0],"26":[0],"27":[0],"28":[0,0],"29":[0,0],"30":[0,0],"31":[0,0],"32":[0,0],"33":[0],"34":[0],"35":[0,0],"36":[0,0],"37":[0],"38":[0],"39":[0,0],"40":[0],"41":[0],"42":[0,0],"43":[0,0]}}
,"/Users/keshav/package/csview/src/text.ts": {"path":"/Users/keshav/package/csview/src/text.ts","statementMap":{"0":{"start":{"line":11,"column":1},"end":{"line":12,"column":null}},"1":{"start":{"line":12,"column":2},"end":{"line":12,"column":null}},"2":{"start":{"line":15,"column":1},"end":{"line":16,"column":null}},"3":{"start":{"line":15,"column":14},"end":{"line":15,"column":15}},"4":{"start":{"line":16,"column":2},"end":{"line":16,"column":null}},"5":{"start":{"line":20,"column":1},"end":{"line":21,"column":null}},"6":{"start":{"line":21,"column":2},"end":{"line":21,"column":null}},"7":{"start":{"line":23,"column":1},"end":{"line":23,"column":null}},"8":{"start":{"line":2,"column":0},"end":{"line":2,"column":16}},"9":{"start":{"line":36,"column":19},"end":{"line":36,"column":35}},"10":{"start":{"line":39,"column":1},"end":{"line":44,"column":2}},"11":{"start":{"line":40,"column":2},"end":{"line":40,"column":null}},"12":{"start":{"line":41,"column":2},"end":{"line":42,"column":null}},"13":{"start":{"line":41,"column":15},"end":{"line":41,"column":16}},"14":{"start":{"line":42,"column":3},"end":{"line":42,"column":null}},"15":{"start":{"line":43,"column":2},"end":{"line":43,"column":null}},"16":{"start":{"line":47,"column":1},"end":{"line":61,"column":null}},"17":{"start":{"line":48,"column":2},"end":{"line":48,"column":null}},"18":{"start":{"line":51,"column":6},"end":{"line":61,"column":null}},"19":{"start":{"line":52,"column":18},"end":{"line":52,"column":41}},"20":{"start":{"line":54,"column":2},"end":{"line":54,"column":null}},"21":{"start":{"line":55,"column":2},"end":{"line":56,"column":null}},"22":{"start":{"line":55,"column":15},"end":{"line":55,"column":37}},"23":{"start":{"line":56,"column":3},"end":{"line":56,"column":null}},"24":{"start":{"line":57,"column":2},"end":{"line":57,"column":null}},"25":{"start":{"line":61,"column":6},"end":{"line":61,"column":null}},"26":{"start":{"line":29,"column":0},"end":{"line":29,"column":16}},"27":{"start":{"line":72,"column":1},"end":{"line":73,"column":8}},"28":{"start":{"line":73,"column":2},"end":{"line":73,"column":8}},"29":{"start":{"line":75,"column":17},"end":{"line":75,"column":69}},"30":{"start":{"line":76,"column":1},"end":{"line":85,"column":2}},"31":{"start":{"line":77,"column":2},"end":{"line":77,"column":null}},"32":{"start":{"line":80,"column":16},"end":{"line":80,"column":33}},"33":{"start":{"line":81,"column":21},"end":{"line":81,"column":35}},"34":{"start":{"line":82,"column":21},"end":{"line":82,"column":44}},"35":{"start":{"line":83,"column":2},"end":{"line":83,"column":null}},"36":{"start":{"line":84,"column":2},"end":{"line":84,"column":null}},"37":{"start":{"line":86,"column":1},"end":{"line":86,"column":null}},"38":{"start":{"line":64,"column":0},"end":{"line":64,"column":16}},"39":{"start":{"line":95,"column":1},"end":{"line":98,"column":null}},"40":{"start":{"line":96,"column":2},"end":{"line":96,"column":null}},"41":{"start":{"line":98,"column":2},"end":{"line":98,"column":null}},"42":{"start":{"line":89,"column":0},"end":{"line":89,"column":16}}},"fnMap":{"0":{"name":"resizeText","decl":{"start":{"line":2,"column":16},"end":{"line":2,"column":26}},"loc":{"start":{"line":8,"column":15},"end":{"line":24,"column":1}}},"1":{"name":"resizeTextRow","decl":{"start":{"line":29,"column":16},"end":{"line":29,"column":29}},"loc":{"start":{"line":34,"column":15},"end":{"line":62,"column":1}}},"2":{"name":"updateChar","decl":{"start":{"line":64,"column":16},"end":{"line":64,"column":26}},"loc":{"start":{"line":70,"column":15},"end":{"line":87,"column":1}}},"3":{"name":"writeTextChar","decl":{"start":{"line":89,"column":16},"end":{"line":89,"column":29}},"loc":{"start":{"line":93,"column":15},"end":{"line":99,"column":1}}}},"branchMap":{"0":{"loc":{"start":{"line":11,"column":1},"end":{"line":12,"column":null}},"type":"if","locations":[{"start":{"line":11,"column":1},"end":{"line":12,"column":null}}]},"1":{"loc":{"start":{"line":16,"column":26},"end":{"line":16,"column":41}},"type":"binary-expr","locations":[{"start":{"line":16,"column":26},"end":{"line":16,"column":33}},{"start":{"line":16,"column":37},"end":{"line":16,"column":41}}]},"2":{"loc":{"start":{"line":20,"column":1},"end":{"line":21,"column":null}},"type":"if","locations":[{"start":{"line":20,"column":1},"end":{"line":21,"column":null}}]},"3":{"loc":{"start":{"line":39,"column":1},"end":{"line":44,"column":2}},"type":"if","locations":[{"start":{"line":39,"column":1},"end":{"line":44,"column":2}}]},"4":{"loc":{"start":{"line":47,"column":1},"end":{"line":61,"column":null}},"type":"if","locations":[{"start":{"line":47,"column":1},"end":{"line":61,"column":null}},{"start":{"line":51,"column":6},"end":{"line":61,"column":null}}]},"5":{"loc":{"start":{"line":51,"column":6},"end":{"line":61,"column":null}},"type":"if","locations":[{"start":{"line":51,"column":6},"end":{"line":61,"column":null}},{"start":{"line":61,"column":6},"end":{"line":61,"column":null}}]},"6":{"loc":{"start":{"line":72,"column":1},"end":{"line":73,"column":8}},"type":"if","locations":[{"start":{"line":72,"column":1},"end":{"line":73,"column":8}}]},"7":{"loc":{"start":{"line":72,"column":5},"end":{"line":72,"column":51}},"type":"binary-expr","locations":[{"start":{"line":72,"column":5},"end":{"line":72,"column":11}},{"start":{"line":72,"column":15},"end":{"line":72,"column":20}},{"start":{"line":72,"column":24},"end":{"line":72,"column":51}}]},"8":{"loc":{"start":{"line":75,"column":17},"end":{"line":75,"column":69}},"type":"cond-expr","locations":[{"start":{"line":75,"column":25},"end":{"line":75,"column":49}},{"start":{"line":75,"column":52},"end":{"line":75,"column":69}}]},"9":{"loc":{"start":{"line":76,"column":1},"end":{"line":85,"column":2}},"type":"if","locations":[{"start":{"line":76,"column":1},"end":{"line":85,"column":2}}]},"10":{"loc":{"start":{"line":95,"column":1},"end":{"line":98,"column":null}},"type":"if","locations":[{"start":{"line":95,"column":1},"end":{"line":98,"column":null}},{"start":{"line":98,"column":2},"end":{"line":98,"column":null}}]}},"s":{"0":1,"1":1,"2":1,"3":1,"4":10,"5":1,"6":0,"7":1,"8":1,"9":10,"10":10,"11":10,"12":10,"13":10,"14":200,"15":10,"16":0,"17":0,"18":0,"19":0,"20":0,"21":0,"22":0,"23":0,"24":0,"25":0,"26":1,"27":0,"28":0,"29":0,"30":0,"31":0,"32":0,"33":0,"34":0,"35":0,"36":0,"37":0,"38":1,"39":200,"40":200,"41":0,"42":1},"f":{"0":1,"1":10,"2":0,"3":200},"b":{"0":[1],"1":[10,10],"2":[0],"3":[10],"4":[0,0],"5":[0,0],"6":[0],"7":[0,0,0],"8":[0,0],"9":[0],"10":[200,0]}}
,"/Users/keshav/package/csview/src/update.ts": {"path":"/Users/keshav/package/csview/src/update.ts","statementMap":{"0":{"start":{"line":5,"column":1},"end":{"line":9,"column":null}},"1":{"start":{"line":6,"column":2},"end":{"line":6,"column":null}},"2":{"start":{"line":8,"column":6},"end":{"line":9,"column":null}},"3":{"start":{"line":9,"column":2},"end":{"line":9,"column":null}},"4":{"start":{"line":13,"column":21},"end":{"line":13,"column":41}},"5":{"start":{"line":18,"column":1},"end":{"line":19,"column":null}},"6":{"start":{"line":18,"column":14},"end":{"line":18,"column":15}},"7":{"start":{"line":19,"column":2},"end":{"line":19,"column":null}},"8":{"start":{"line":24,"column":25},"end":{"line":24,"column":55}},"9":{"start":{"line":25,"column":1},"end":{"line":27,"column":null}},"10":{"start":{"line":26,"column":2},"end":{"line":27,"column":null}},"11":{"start":{"line":26,"column":15},"end":{"line":26,"column":16}},"12":{"start":{"line":27,"column":3},"end":{"line":27,"column":null}},"13":{"start":{"line":29,"column":1},"end":{"line":29,"column":null}},"14":{"start":{"line":3,"column":0},"end":{"line":3,"column":16}},"15":{"start":{"line":38,"column":12},"end":{"line":38,"column":13}},"16":{"start":{"line":38,"column":24},"end":{"line":38,"column":25}},"17":{"start":{"line":39,"column":1},"end":{"line":114,"column":2}},"18":{"start":{"line":40,"column":16},"end":{"line":40,"column":38}},"19":{"start":{"line":43,"column":2},"end":{"line":44,"column":null}},"20":{"start":{"line":44,"column":3},"end":{"line":44,"column":null}},"21":{"start":{"line":46,"column":2},"end":{"line":50,"column":3}},"22":{"start":{"line":47,"column":3},"end":{"line":47,"column":null}},"23":{"start":{"line":48,"column":3},"end":{"line":48,"column":null}},"24":{"start":{"line":49,"column":3},"end":{"line":49,"column":11}},"25":{"start":{"line":53,"column":2},"end":{"line":53,"column":null}},"26":{"start":{"line":56,"column":14},"end":{"line":56,"column":31}},"27":{"start":{"line":57,"column":14},"end":{"line":57,"column":17}},"28":{"start":{"line":58,"column":9},"end":{"line":58,"column":48}},"29":{"start":{"line":59,"column":12},"end":{"line":59,"column":23}},"30":{"start":{"line":60,"column":12},"end":{"line":60,"column":16}},"31":{"start":{"line":63,"column":2},"end":{"line":66,"column":3}},"32":{"start":{"line":64,"column":3},"end":{"line":64,"column":null}},"33":{"start":{"line":65,"column":3},"end":{"line":65,"column":null}},"34":{"start":{"line":67,"column":2},"end":{"line":71,"column":3}},"35":{"start":{"line":68,"column":3},"end":{"line":68,"column":null}},"36":{"start":{"line":69,"column":3},"end":{"line":69,"column":null}},"37":{"start":{"line":70,"column":3},"end":{"line":70,"column":null}},"38":{"start":{"line":75,"column":2},"end":{"line":109,"column":3}},"39":{"start":{"line":76,"column":3},"end":{"line":76,"column":null}},"40":{"start":{"line":77,"column":7},"end":{"line":109,"column":3}},"41":{"start":{"line":79,"column":16},"end":{"line":79,"column":42}},"42":{"start":{"line":82,"column":3},"end":{"line":85,"column":4}},"43":{"start":{"line":83,"column":4},"end":{"line":83,"column":null}},"44":{"start":{"line":84,"column":4},"end":{"line":84,"column":9}},"45":{"start":{"line":87,"column":3},"end":{"line":87,"column":null}},"46":{"start":{"line":88,"column":3},"end":{"line":88,"column":null}},"47":{"start":{"line":89,"column":3},"end":{"line":93,"column":4}},"48":{"start":{"line":90,"column":4},"end":{"line":90,"column":null}},"49":{"start":{"line":91,"column":4},"end":{"line":91,"column":null}},"50":{"start":{"line":92,"column":4},"end":{"line":92,"column":null}},"51":{"start":{"line":96,"column":3},"end":{"line":108,"column":4}},"52":{"start":{"line":97,"column":4},"end":{"line":97,"column":null}},"53":{"start":{"line":98,"column":4},"end":{"line":98,"column":null}},"54":{"start":{"line":99,"column":4},"end":{"line":99,"column":null}},"55":{"start":{"line":105,"column":4},"end":{"line":105,"column":null}},"56":{"start":{"line":106,"column":4},"end":{"line":106,"column":null}},"57":{"start":{"line":107,"column":4},"end":{"line":107,"column":9}},"58":{"start":{"line":111,"column":2},"end":{"line":111,"column":null}},"59":{"start":{"line":113,"column":2},"end":{"line":113,"column":null}},"60":{"start":{"line":32,"column":0},"end":{"line":32,"column":16}}},"fnMap":{"0":{"name":"resizeUpdate","decl":{"start":{"line":3,"column":16},"end":{"line":3,"column":28}},"loc":{"start":{"line":3,"column":83},"end":{"line":30,"column":1}}},"1":{"name":"eachUpdate","decl":{"start":{"line":32,"column":16},"end":{"line":32,"column":26}},"loc":{"start":{"line":35,"column":45},"end":{"line":115,"column":1}}}},"branchMap":{"0":{"loc":{"start":{"line":5,"column":1},"end":{"line":9,"column":null}},"type":"if","locations":[{"start":{"line":5,"column":1},"end":{"line":9,"column":null}},{"start":{"line":8,"column":6},"end":{"line":9,"column":null}}]},"1":{"loc":{"start":{"line":8,"column":6},"end":{"line":9,"column":null}},"type":"if","locations":[{"start":{"line":8,"column":6},"end":{"line":9,"column":null}}]},"2":{"loc":{"start":{"line":25,"column":1},"end":{"line":27,"column":null}},"type":"if","locations":[{"start":{"line":25,"column":1},"end":{"line":27,"column":null}}]},"3":{"loc":{"start":{"line":43,"column":2},"end":{"line":44,"column":null}},"type":"if","locations":[{"start":{"line":43,"column":2},"end":{"line":44,"column":null}}]},"4":{"loc":{"start":{"line":46,"column":2},"end":{"line":50,"column":3}},"type":"if","locations":[{"start":{"line":46,"column":2},"end":{"line":50,"column":3}}]},"5":{"loc":{"start":{"line":67,"column":9},"end":{"line":67,"column":49}},"type":"binary-expr","locations":[{"start":{"line":67,"column":9},"end":{"line":67,"column":20}},{"start":{"line":67,"column":25},"end":{"line":67,"column":48}}]},"6":{"loc":{"start":{"line":75,"column":2},"end":{"line":109,"column":3}},"type":"if","locations":[{"start":{"line":75,"column":2},"end":{"line":109,"column":3}},{"start":{"line":77,"column":7},"end":{"line":109,"column":3}}]},"7":{"loc":{"start":{"line":82,"column":3},"end":{"line":85,"column":4}},"type":"if","locations":[{"start":{"line":82,"column":3},"end":{"line":85,"column":4}}]},"8":{"loc":{"start":{"line":96,"column":3},"end":{"line":108,"column":4}},"type":"if","locations":[{"start":{"line":96,"column":3},"end":{"line":108,"column":4}},{"start":{"line":104,"column":8},"end":{"line":108,"column":4}}]}},"s":{"0":1,"1":1,"2":0,"3":0,"4":1,"5":1,"6":1,"7":10,"8":1,"9":1,"10":1,"11":1,"12":10,"13":1,"14":1,"15":0,"16":0,"17":0,"18":0,"19":0,"20":0,"21":0,"22":0,"23":0,"24":0,"25":0,"26":0,"27":0,"28":0,"29":0,"30":0,"31":0,"32":0,"33":0,"34":0,"35":0,"36":0,"37":0,"38":0,"39":0,"40":0,"41":0,"42":0,"43":0,"44":0,"45":0,"46":0,"47":0,"48":0,"49":0,"50":0,"51":0,"52":0,"53":0,"54":0,"55":0,"56":0,"57":0,"58":0,"59":0,"60":1},"f":{"0":1,"1":0},"b":{"0":[1,0],"1":[0],"2":[1],"3":[0],"4":[0],"5":[0,0],"6":[0,0],"7":[0],"8":[0,0]}}
,"/Users/keshav/package/csview/src/buffer/constant.ts": {"path":"/Users/keshav/package/csview/src/buffer/constant.ts","statementMap":{"0":{"start":{"line":2,"column":13},"end":{"line":2,"column":null}},"1":{"start":{"line":3,"column":13},"end":{"line":3,"column":null}},"2":{"start":{"line":6,"column":13},"end":{"line":6,"column":null}},"3":{"start":{"line":7,"column":13},"end":{"line":7,"column":null}}},"fnMap":{},"branchMap":{},"s":{"0":1,"1":1,"2":1,"3":1},"f":{},"b":{}}
,"/Users/keshav/package/csview/src/buffer/escape.ts": {"path":"/Users/keshav/package/csview/src/buffer/escape.ts","statementMap":{"0":{"start":{"line":1,"column":0},"end":{"line":1,"column":null}},"1":{"start":{"line":9,"column":1},"end":{"line":9,"column":null}},"2":{"start":{"line":8,"column":0},"end":{"line":8,"column":16}},"3":{"start":{"line":18,"column":1},"end":{"line":18,"column":null}},"4":{"start":{"line":17,"column":0},"end":{"line":17,"column":16}},"5":{"start":{"line":22,"column":16},"end":{"line":22,"column":39}},"6":{"start":{"line":24,"column":1},"end":{"line":24,"column":null}},"7":{"start":{"line":21,"column":0},"end":{"line":21,"column":16}},"8":{"start":{"line":28,"column":1},"end":{"line":28,"column":null}},"9":{"start":{"line":27,"column":0},"end":{"line":27,"column":16}},"10":{"start":{"line":34,"column":1},"end":{"line":37,"column":null}},"11":{"start":{"line":34,"column":13},"end":{"line":34,"column":null}},"12":{"start":{"line":35,"column":6},"end":{"line":37,"column":null}},"13":{"start":{"line":35,"column":19},"end":{"line":35,"column":null}},"14":{"start":{"line":36,"column":6},"end":{"line":37,"column":null}},"15":{"start":{"line":36,"column":20},"end":{"line":36,"column":null}},"16":{"start":{"line":37,"column":6},"end":{"line":37,"column":null}}},"fnMap":{"0":{"name":"escapeMoveCursor","decl":{"start":{"line":8,"column":16},"end":{"line":8,"column":32}},"loc":{"start":{"line":8,"column":53},"end":{"line":15,"column":1}}},"1":{"name":"escapeStartBytes","decl":{"start":{"line":17,"column":16},"end":{"line":17,"column":32}},"loc":{"start":{"line":17,"column":54},"end":{"line":19,"column":1}}},"2":{"name":"cursorEscapeBytes","decl":{"start":{"line":21,"column":16},"end":{"line":21,"column":33}},"loc":{"start":{"line":21,"column":77},"end":{"line":25,"column":1}}},"3":{"name":"cursorEscape","decl":{"start":{"line":27,"column":16},"end":{"line":27,"column":28}},"loc":{"start":{"line":27,"column":72},"end":{"line":29,"column":1}}},"4":{"name":"numberLength","decl":{"start":{"line":33,"column":9},"end":{"line":33,"column":21}},"loc":{"start":{"line":33,"column":31},"end":{"line":38,"column":1}}}},"branchMap":{"0":{"loc":{"start":{"line":17,"column":33},"end":{"line":17,"column":54}},"type":"default-arg","locations":[{"start":{"line":17,"column":50},"end":{"line":17,"column":54}}]},"1":{"loc":{"start":{"line":18,"column":8},"end":{"line":18,"column":42}},"type":"cond-expr","locations":[{"start":{"line":18,"column":16},"end":{"line":18,"column":28}},{"start":{"line":18,"column":31},"end":{"line":18,"column":42}}]},"2":{"loc":{"start":{"line":21,"column":56},"end":{"line":21,"column":77}},"type":"default-arg","locations":[{"start":{"line":21,"column":73},"end":{"line":21,"column":77}}]},"3":{"loc":{"start":{"line":27,"column":51},"end":{"line":27,"column":72}},"type":"default-arg","locations":[{"start":{"line":27,"column":68},"end":{"line":27,"column":72}}]},"4":{"loc":{"start":{"line":34,"column":1},"end":{"line":37,"column":null}},"type":"if","locations":[{"start":{"line":34,"column":1},"end":{"line":37,"column":null}},{"start":{"line":35,"column":6},"end":{"line":37,"column":null}}]},"5":{"loc":{"start":{"line":35,"column":6},"end":{"line":37,"column":null}},"type":"if","locations":[{"start":{"line":35,"column":6},"end":{"line":37,"column":null}},{"start":{"line":36,"column":6},"end":{"line":37,"column":null}}]},"6":{"loc":{"start":{"line":36,"column":6},"end":{"line":37,"column":null}},"type":"if","locations":[{"start":{"line":36,"column":6},"end":{"line":37,"column":null}},{"start":{"line":37,"column":6},"end":{"line":37,"column":null}}]}},"s":{"0":1,"1":0,"2":1,"3":0,"4":1,"5":0,"6":0,"7":1,"8":0,"9":1,"10":0,"11":0,"12":0,"13":0,"14":0,"15":0,"16":0},"f":{"0":0,"1":0,"2":0,"3":0,"4":0},"b":{"0":[0],"1":[0,0],"2":[0],"3":[0],"4":[0,0],"5":[0,0],"6":[0,0]}}
,"/Users/keshav/package/csview/src/buffer/index.ts": {"path":"/Users/keshav/package/csview/src/buffer/index.ts","statementMap":{"0":{"start":{"line":1,"column":0},"end":{"line":1,"column":24}},"1":{"start":{"line":2,"column":0},"end":{"line":2,"column":24}},"2":{"start":{"line":3,"column":0},"end":{"line":3,"column":24}},"3":{"start":{"line":4,"column":0},"end":{"line":4,"column":24}}},"fnMap":{},"branchMap":{},"s":{"0":1,"1":1,"2":1,"3":1},"f":{},"b":{}}
,"/Users/keshav/package/csview/src/buffer/output.ts": {"path":"/Users/keshav/package/csview/src/buffer/output.ts","statementMap":{"0":{"start":{"line":6,"column":18},"end":{"line":6,"column":45}},"1":{"start":{"line":7,"column":17},"end":{"line":7,"column":38}},"2":{"start":{"line":8,"column":21},"end":{"line":8,"column":63}},"3":{"start":{"line":9,"column":20},"end":{"line":9,"column":50}},"4":{"start":{"line":11,"column":21},"end":{"line":11,"column":63}},"5":{"start":{"line":15,"column":18},"end":{"line":15,"column":42}},"6":{"start":{"line":16,"column":25},"end":{"line":16,"column":85}},"7":{"start":{"line":17,"column":25},"end":{"line":17,"column":85}},"8":{"start":{"line":18,"column":30},"end":{"line":18,"column":90}},"9":{"start":{"line":19,"column":29},"end":{"line":19,"column":53}},"10":{"start":{"line":20,"column":30},"end":{"line":20,"column":54}},"11":{"start":{"line":50,"column":1},"end":{"line":50,"column":25}},"12":{"start":{"line":50,"column":19},"end":{"line":50,"column":25}},"13":{"start":{"line":52,"column":1},"end":{"line":52,"column":null}},"14":{"start":{"line":57,"column":13},"end":{"line":57,"column":18}},"15":{"start":{"line":58,"column":33},"end":{"line":58,"column":66}},"16":{"start":{"line":59,"column":34},"end":{"line":59,"column":119}},"17":{"start":{"line":61,"column":1},"end":{"line":61,"column":null}},"18":{"start":{"line":62,"column":1},"end":{"line":64,"column":2}},"19":{"start":{"line":63,"column":2},"end":{"line":63,"column":null}},"20":{"start":{"line":66,"column":1},"end":{"line":78,"column":2}},"21":{"start":{"line":67,"column":35},"end":{"line":67,"column":120}},"22":{"start":{"line":70,"column":2},"end":{"line":73,"column":3}},"23":{"start":{"line":71,"column":3},"end":{"line":71,"column":null}},"24":{"start":{"line":72,"column":3},"end":{"line":72,"column":null}},"25":{"start":{"line":75,"column":2},"end":{"line":76,"column":null}},"26":{"start":{"line":76,"column":3},"end":{"line":76,"column":null}},"27":{"start":{"line":77,"column":2},"end":{"line":77,"column":null}},"28":{"start":{"line":81,"column":1},"end":{"line":83,"column":2}},"29":{"start":{"line":82,"column":2},"end":{"line":82,"column":null}},"30":{"start":{"line":84,"column":1},"end":{"line":85,"column":null}},"31":{"start":{"line":85,"column":2},"end":{"line":85,"column":null}},"32":{"start":{"line":86,"column":1},"end":{"line":87,"column":null}},"33":{"start":{"line":87,"column":2},"end":{"line":87,"column":null}},"34":{"start":{"line":89,"column":1},"end":{"line":89,"column":null}},"35":{"start":{"line":34,"column":0},"end":{"line":34,"column":16}},"36":{"start":{"line":107,"column":1},"end":{"line":107,"column":null}},"37":{"start":{"line":106,"column":0},"end":{"line":106,"column":16}},"38":{"start":{"line":126,"column":1},"end":{"line":127,"column":null}},"39":{"start":{"line":127,"column":2},"end":{"line":127,"column":null}},"40":{"start":{"line":130,"column":31},"end":{"line":130,"column":33}},"41":{"start":{"line":131,"column":19},"end":{"line":131,"column":37}},"42":{"start":{"line":132,"column":19},"end":{"line":132,"column":41}},"43":{"start":{"line":133,"column":24},"end":{"line":133,"column":45}},"44":{"start":{"line":135,"column":18},"end":{"line":135,"column":70}},"45":{"start":{"line":136,"column":23},"end":{"line":136,"column":85}},"46":{"start":{"line":139,"column":1},"end":{"line":152,"column":2}},"47":{"start":{"line":140,"column":2},"end":{"line":146,"column":3}},"48":{"start":{"line":141,"column":3},"end":{"line":141,"column":null}},"49":{"start":{"line":143,"column":3},"end":{"line":143,"column":null}},"50":{"start":{"line":144,"column":3},"end":{"line":145,"column":null}},"51":{"start":{"line":145,"column":4},"end":{"line":145,"column":null}},"52":{"start":{"line":149,"column":6},"end":{"line":152,"column":2}},"53":{"start":{"line":150,"column":2},"end":{"line":150,"column":null}},"54":{"start":{"line":151,"column":2},"end":{"line":151,"column":null}},"55":{"start":{"line":153,"column":1},"end":{"line":165,"column":2}},"56":{"start":{"line":154,"column":2},"end":{"line":160,"column":3}},"57":{"start":{"line":155,"column":3},"end":{"line":155,"column":null}},"58":{"start":{"line":157,"column":3},"end":{"line":157,"column":null}},"59":{"start":{"line":158,"column":3},"end":{"line":159,"column":null}},"60":{"start":{"line":159,"column":4},"end":{"line":159,"column":null}},"61":{"start":{"line":162,"column":6},"end":{"line":165,"column":2}},"62":{"start":{"line":163,"column":2},"end":{"line":163,"column":null}},"63":{"start":{"line":164,"column":2},"end":{"line":164,"column":null}},"64":{"start":{"line":192,"column":1},"end":{"line":196,"column":null}},"65":{"start":{"line":193,"column":2},"end":{"line":196,"column":null}},"66":{"start":{"line":194,"column":43},"end":{"line":194,"column":86}},"67":{"start":{"line":197,"column":1},"end":{"line":197,"column":null}},"68":{"start":{"line":116,"column":0},"end":{"line":116,"column":16}},"69":{"start":{"line":201,"column":1},"end":{"line":204,"column":2}},"70":{"start":{"line":203,"column":2},"end":{"line":203,"column":null}},"71":{"start":{"line":200,"column":0},"end":{"line":200,"column":16}},"72":{"start":{"line":208,"column":1},"end":{"line":208,"column":null}},"73":{"start":{"line":207,"column":0},"end":{"line":207,"column":16}},"74":{"start":{"line":212,"column":1},"end":{"line":212,"column":null}},"75":{"start":{"line":211,"column":0},"end":{"line":211,"column":16}},"76":{"start":{"line":216,"column":13},"end":{"line":216,"column":48}},"77":{"start":{"line":218,"column":30},"end":{"line":218,"column":32}},"78":{"start":{"line":219,"column":1},"end":{"line":223,"column":2}},"79":{"start":{"line":219,"column":14},"end":{"line":219,"column":15}},"80":{"start":{"line":220,"column":2},"end":{"line":220,"column":null}},"81":{"start":{"line":221,"column":2},"end":{"line":222,"column":null}},"82":{"start":{"line":222,"column":3},"end":{"line":222,"column":null}},"83":{"start":{"line":224,"column":1},"end":{"line":224,"column":null}},"84":{"start":{"line":215,"column":0},"end":{"line":215,"column":16}}},"fnMap":{"0":{"name":"outputLine","decl":{"start":{"line":34,"column":16},"end":{"line":34,"column":26}},"loc":{"start":{"line":47,"column":14},"end":{"line":104,"column":1}}},"1":{"name":"outputCursorMove","decl":{"start":{"line":106,"column":16},"end":{"line":106,"column":32}},"loc":{"start":{"line":106,"column":53},"end":{"line":113,"column":1}}},"2":{"name":"outputLineEscape","decl":{"start":{"line":116,"column":16},"end":{"line":116,"column":32}},"loc":{"start":{"line":124,"column":14},"end":{"line":198,"column":1}}},"3":{"name":"(anonymous_3)","decl":{"start":{"line":194,"column":36},"end":{"line":194,"column":37}},"loc":{"start":{"line":194,"column":43},"end":{"line":194,"column":86}}},"4":{"name":"outputColorReset","decl":{"start":{"line":200,"column":16},"end":{"line":200,"column":32}},"loc":{"start":{"line":200,"column":71},"end":{"line":205,"column":1}}},"5":{"name":"renderLineTextColor","decl":{"start":{"line":207,"column":16},"end":{"line":207,"column":35}},"loc":{"start":{"line":207,"column":56},"end":{"line":209,"column":1}}},"6":{"name":"renderLineBackground","decl":{"start":{"line":211,"column":16},"end":{"line":211,"column":36}},"loc":{"start":{"line":211,"column":57},"end":{"line":213,"column":1}}},"7":{"name":"outputBuffer","decl":{"start":{"line":215,"column":16},"end":{"line":215,"column":28}},"loc":{"start":{"line":215,"column":70},"end":{"line":225,"column":1}}}},"branchMap":{"0":{"loc":{"start":{"line":50,"column":1},"end":{"line":50,"column":25}},"type":"if","locations":[{"start":{"line":50,"column":1},"end":{"line":50,"column":25}}]},"1":{"loc":{"start":{"line":62,"column":1},"end":{"line":64,"column":2}},"type":"if","locations":[{"start":{"line":62,"column":1},"end":{"line":64,"column":2}}]},"2":{"loc":{"start":{"line":70,"column":2},"end":{"line":73,"column":3}},"type":"if","locations":[{"start":{"line":70,"column":2},"end":{"line":73,"column":3}}]},"3":{"loc":{"start":{"line":70,"column":6},"end":{"line":70,"column":32}},"type":"binary-expr","locations":[{"start":{"line":70,"column":6},"end":{"line":70,"column":15}},{"start":{"line":70,"column":19},"end":{"line":70,"column":32}}]},"4":{"loc":{"start":{"line":71,"column":85},"end":{"line":71,"column":111}},"type":"cond-expr","locations":[{"start":{"line":71,"column":93},"end":{"line":71,"column":102}},{"start":{"line":71,"column":105},"end":{"line":71,"column":111}}]},"5":{"loc":{"start":{"line":75,"column":2},"end":{"line":76,"column":null}},"type":"if","locations":[{"start":{"line":75,"column":2},"end":{"line":76,"column":null}}]},"6":{"loc":{"start":{"line":81,"column":1},"end":{"line":83,"column":2}},"type":"if","locations":[{"start":{"line":81,"column":1},"end":{"line":83,"column":2}}]},"7":{"loc":{"start":{"line":82,"column":90},"end":{"line":82,"column":116}},"type":"cond-expr","locations":[{"start":{"line":82,"column":98},"end":{"line":82,"column":107}},{"start":{"line":82,"column":110},"end":{"line":82,"column":116}}]},"8":{"loc":{"start":{"line":84,"column":1},"end":{"line":85,"column":null}},"type":"if","locations":[{"start":{"line":84,"column":1},"end":{"line":85,"column":null}}]},"9":{"loc":{"start":{"line":84,"column":5},"end":{"line":84,"column":52}},"type":"binary-expr","locations":[{"start":{"line":84,"column":5},"end":{"line":84,"column":16}},{"start":{"line":84,"column":20},"end":{"line":84,"column":52}}]},"10":{"loc":{"start":{"line":86,"column":1},"end":{"line":87,"column":null}},"type":"if","locations":[{"start":{"line":86,"column":1},"end":{"line":87,"column":null}}]},"11":{"loc":{"start":{"line":86,"column":5},"end":{"line":86,"column":57}},"type":"binary-expr","locations":[{"start":{"line":86,"column":5},"end":{"line":86,"column":21}},{"start":{"line":86,"column":25},"end":{"line":86,"column":57}}]},"12":{"loc":{"start":{"line":126,"column":1},"end":{"line":127,"column":null}},"type":"if","locations":[{"start":{"line":126,"column":1},"end":{"line":127,"column":null}}]},"13":{"loc":{"start":{"line":135,"column":18},"end":{"line":135,"column":70}},"type":"cond-expr","locations":[{"start":{"line":135,"column":29},"end":{"line":135,"column":63}},{"start":{"line":135,"column":66},"end":{"line":135,"column":70}}]},"14":{"loc":{"start":{"line":136,"column":23},"end":{"line":136,"column":85}},"type":"cond-expr","locations":[{"start":{"line":136,"column":39},"end":{"line":136,"column":78}},{"start":{"line":136,"column":81},"end":{"line":136,"column":85}}]},"15":{"loc":{"start":{"line":139,"column":1},"end":{"line":152,"column":2}},"type":"if","locations":[{"start":{"line":139,"column":1},"end":{"line":152,"column":2}},{"start":{"line":149,"column":6},"end":{"line":152,"column":2}}]},"16":{"loc":{"start":{"line":140,"column":2},"end":{"line":146,"column":3}},"type":"if","locations":[{"start":{"line":140,"column":2},"end":{"line":146,"column":3}},{"start":{"line":142,"column":7},"end":{"line":146,"column":3}}]},"17":{"loc":{"start":{"line":144,"column":3},"end":{"line":145,"column":null}},"type":"if","locations":[{"start":{"line":144,"column":3},"end":{"line":145,"column":null}}]},"18":{"loc":{"start":{"line":149,"column":6},"end":{"line":152,"column":2}},"type":"if","locations":[{"start":{"line":149,"column":6},"end":{"line":152,"column":2}}]},"19":{"loc":{"start":{"line":153,"column":1},"end":{"line":165,"column":2}},"type":"if","locations":[{"start":{"line":153,"column":1},"end":{"line":165,"column":2}},{"start":{"line":162,"column":6},"end":{"line":165,"column":2}}]},"20":{"loc":{"start":{"line":154,"column":2},"end":{"line":160,"column":3}},"type":"if","locations":[{"start":{"line":154,"column":2},"end":{"line":160,"column":3}},{"start":{"line":156,"column":7},"end":{"line":160,"column":3}}]},"21":{"loc":{"start":{"line":158,"column":3},"end":{"line":159,"column":null}},"type":"if","locations":[{"start":{"line":158,"column":3},"end":{"line":159,"column":null}}]},"22":{"loc":{"start":{"line":162,"column":6},"end":{"line":165,"column":2}},"type":"if","locations":[{"start":{"line":162,"column":6},"end":{"line":165,"column":2}}]},"23":{"loc":{"start":{"line":192,"column":1},"end":{"line":196,"column":null}},"type":"if","locations":[{"start":{"line":192,"column":1},"end":{"line":196,"column":null}}]},"24":{"loc":{"start":{"line":201,"column":1},"end":{"line":204,"column":2}},"type":"if","locations":[{"start":{"line":201,"column":1},"end":{"line":204,"column":2}}]},"25":{"loc":{"start":{"line":201,"column":5},"end":{"line":201,"column":52}},"type":"binary-expr","locations":[{"start":{"line":201,"column":5},"end":{"line":201,"column":24}},{"start":{"line":201,"column":28},"end":{"line":201,"column":52}}]},"26":{"loc":{"start":{"line":216,"column":13},"end":{"line":216,"column":48}},"type":"cond-expr","locations":[{"start":{"line":216,"column":28},"end":{"line":216,"column":37}},{"start":{"line":216,"column":40},"end":{"line":216,"column":48}}]},"27":{"loc":{"start":{"line":221,"column":2},"end":{"line":222,"column":null}},"type":"if","locations":[{"start":{"line":221,"column":2},"end":{"line":222,"column":null}}]}},"s":{"0":1,"1":1,"2":1,"3":1,"4":1,"5":1,"6":1,"7":1,"8":1,"9":1,"10":1,"11":0,"12":0,"13":0,"14":0,"15":0,"16":0,"17":0,"18":0,"19":0,"20":0,"21":0,"22":0,"23":0,"24":0,"25":0,"26":0,"27":0,"28":0,"29":0,"30":0,"31":0,"32":0,"33":0,"34":0,"35":1,"36":0,"37":1,"38":0,"39":0,"40":0,"41":0,"42":0,"43":0,"44":0,"45":0,"46":0,"47":0,"48":0,"49":0,"50":0,"51":0,"52":0,"53":0,"54":0,"55":0,"56":0,"57":0,"58":0,"59":0,"60":0,"61":0,"62":0,"63":0,"64":0,"65":0,"66":0,"67":0,"68":1,"69":0,"70":0,"71":1,"72":0,"73":1,"74":0,"75":1,"76":0,"77":0,"78":0,"79":0,"80":0,"81":0,"82":0,"83":0,"84":1},"f":{"0":0,"1":0,"2":0,"3":0,"4":0,"5":0,"6":0,"7":0},"b":{"0":[0],"1":[0],"2":[0],"3":[0,0],"4":[0,0],"5":[0],"6":[0],"7":[0,0],"8":[0],"9":[0,0],"10":[0],"11":[0,0],"12":[0],"13":[0,0],"14":[0,0],"15":[0,0],"16":[0,0],"17":[0],"18":[0],"19":[0,0],"20":[0,0],"21":[0],"22":[0],"23":[0],"24":[0],"25":[0,0],"26":[0,0],"27":[0]}}
,"/Users/keshav/package/csview/src/buffer/string.ts": {"path":"/Users/keshav/package/csview/src/buffer/string.ts","statementMap":{"0":{"start":{"line":17,"column":1},"end":{"line":17,"column":29}},"1":{"start":{"line":17,"column":23},"end":{"line":17,"column":29}},"2":{"start":{"line":18,"column":15},"end":{"line":18,"column":28}},"3":{"start":{"line":21,"column":16},"end":{"line":21,"column":30}},"4":{"start":{"line":22,"column":13},"end":{"line":22,"column":19}},"5":{"start":{"line":23,"column":11},"end":{"line":23,"column":38}},"6":{"start":{"line":24,"column":11},"end":{"line":24,"column":31}},"7":{"start":{"line":27,"column":1},"end":{"line":74,"column":2}},"8":{"start":{"line":27,"column":14},"end":{"line":27,"column":20}},"9":{"start":{"line":28,"column":15},"end":{"line":28,"column":22}},"10":{"start":{"line":29,"column":2},"end":{"line":29,"column":22}},"11":{"start":{"line":29,"column":14},"end":{"line":29,"column":22}},"12":{"start":{"line":32,"column":19},"end":{"line":32,"column":20}},"13":{"start":{"line":33,"column":17},"end":{"line":33,"column":27}},"14":{"start":{"line":36,"column":2},"end":{"line":73,"column":3}},"15":{"start":{"line":36,"column":18},"end":{"line":36,"column":24}},"16":{"start":{"line":37,"column":3},"end":{"line":59,"column":4}},"17":{"start":{"line":37,"column":18},"end":{"line":37,"column":26}},"18":{"start":{"line":40,"column":18},"end":{"line":40,"column":49}},"19":{"start":{"line":41,"column":4},"end":{"line":44,"column":5}},"20":{"start":{"line":42,"column":5},"end":{"line":42,"column":null}},"21":{"start":{"line":43,"column":5},"end":{"line":43,"column":10}},"22":{"start":{"line":47,"column":20},"end":{"line":47,"column":76}},"23":{"start":{"line":48,"column":4},"end":{"line":54,"column":5}},"24":{"start":{"line":49,"column":5},"end":{"line":52,"column":null}},"25":{"start":{"line":50,"column":6},"end":{"line":50,"column":null}},"26":{"start":{"line":52,"column":6},"end":{"line":52,"column":null}},"27":{"start":{"line":53,"column":5},"end":{"line":53,"column":null}},"28":{"start":{"line":57,"column":4},"end":{"line":58,"column":null}},"29":{"start":{"line":58,"column":5},"end":{"line":58,"column":null}},"30":{"start":{"line":62,"column":3},"end":{"line":65,"column":4}},"31":{"start":{"line":63,"column":24},"end":{"line":63,"column":52}},"32":{"start":{"line":64,"column":4},"end":{"line":64,"column":null}},"33":{"start":{"line":68,"column":3},"end":{"line":71,"column":4}},"34":{"start":{"line":69,"column":4},"end":{"line":69,"column":null}},"35":{"start":{"line":70,"column":4},"end":{"line":70,"column":null}},"36":{"start":{"line":72,"column":3},"end":{"line":72,"column":null}},"37":{"start":{"line":9,"column":0},"end":{"line":9,"column":16}},"38":{"start":{"line":85,"column":18},"end":{"line":85,"column":31}},"39":{"start":{"line":88,"column":18},"end":{"line":88,"column":19}},"40":{"start":{"line":89,"column":16},"end":{"line":89,"column":21}},"41":{"start":{"line":90,"column":20},"end":{"line":90,"column":32}},"42":{"start":{"line":94,"column":1},"end":{"line":135,"column":2}},"43":{"start":{"line":94,"column":17},"end":{"line":94,"column":18}},"44":{"start":{"line":96,"column":2},"end":{"line":120,"column":3}},"45":{"start":{"line":96,"column":17},"end":{"line":96,"column":25}},"46":{"start":{"line":99,"column":17},"end":{"line":99,"column":51}},"47":{"start":{"line":100,"column":23},"end":{"line":100,"column":41}},"48":{"start":{"line":103,"column":3},"end":{"line":107,"column":4}},"49":{"start":{"line":105,"column":4},"end":{"line":105,"column":null}},"50":{"start":{"line":106,"column":4},"end":{"line":106,"column":9}},"51":{"start":{"line":111,"column":19},"end":{"line":111,"column":47}},"52":{"start":{"line":112,"column":3},"end":{"line":115,"column":4}},"53":{"start":{"line":113,"column":4},"end":{"line":113,"column":null}},"54":{"start":{"line":114,"column":4},"end":{"line":114,"column":null}},"55":{"start":{"line":118,"column":3},"end":{"line":119,"column":null}},"56":{"start":{"line":119,"column":4},"end":{"line":119,"column":null}},"57":{"start":{"line":123,"column":2},"end":{"line":126,"column":3}},"58":{"start":{"line":124,"column":23},"end":{"line":124,"column":60}},"59":{"start":{"line":125,"column":3},"end":{"line":125,"column":null}},"60":{"start":{"line":129,"column":2},"end":{"line":132,"column":3}},"61":{"start":{"line":130,"column":3},"end":{"line":130,"column":null}},"62":{"start":{"line":131,"column":3},"end":{"line":131,"column":null}},"63":{"start":{"line":
[...]
pe":"switch","locations":[{"start":{"line":40,"column":2},"end":{"line":40,"column":null}},{"start":{"line":41,"column":2},"end":{"line":41,"column":null}},{"start":{"line":42,"column":2},"end":{"line":42,"column":null}},{"start":{"line":43,"column":2},"end":{"line":43,"column":null}},{"start":{"line":44,"column":2},"end":{"line":44,"column":null}},{"start":{"line":45,"column":2},"end":{"line":45,"column":null}},{"start":{"line":46,"column":2},"end":{"line":46,"column":null}},{"start":{"line":47,"column":2},"end":{"line":47,"column":null}},{"start":{"line":48,"column":2},"end":{"line":48,"column":null}}]},"1":{"loc":{"start":{"line":55,"column":8},"end":{"line":57,"column":90}},"type":"binary-expr","locations":[{"start":{"line":55,"column":8},"end":{"line":55,"column":21}},{"start":{"line":55,"column":25},"end":{"line":55,"column":50}},{"start":{"line":55,"column":54},"end":{"line":55,"column":76}},{"start":{"line":56,"column":4},"end":{"line":56,"column":32}},{"start":{"line":57,"column":5},"end":{"line":57,"column":30}},{"start":{"line":57,"column":34},"end":{"line":57,"column":59}},{"start":{"line":57,"column":63},"end":{"line":57,"column":88}}]},"2":{"loc":{"start":{"line":65,"column":1},"end":{"line":66,"column":null}},"type":"if","locations":[{"start":{"line":65,"column":1},"end":{"line":66,"column":null}}]},"3":{"loc":{"start":{"line":65,"column":5},"end":{"line":65,"column":81}},"type":"binary-expr","locations":[{"start":{"line":65,"column":5},"end":{"line":65,"column":24}},{"start":{"line":65,"column":28},"end":{"line":65,"column":43}},{"start":{"line":65,"column":47},"end":{"line":65,"column":62}},{"start":{"line":65,"column":66},"end":{"line":65,"column":81}}]},"4":{"loc":{"start":{"line":71,"column":1},"end":{"line":83,"column":2}},"type":"if","locations":[{"start":{"line":71,"column":1},"end":{"line":83,"column":2}},{"start":{"line":78,"column":6},"end":{"line":83,"column":2}}]},"5":{"loc":{"start":{"line":71,"column":5},"end":{"line":71,"column":46}},"type":"binary-expr","locations":[{"start":{"line":71,"column":5},"end":{"line":71,"column":25}},{"start":{"line":71,"column":29},"end":{"line":71,"column":46}}]},"6":{"loc":{"start":{"line":78,"column":6},"end":{"line":83,"column":2}},"type":"if","locations":[{"start":{"line":78,"column":6},"end":{"line":83,"column":2}},{"start":{"line":81,"column":6},"end":{"line":83,"column":2}}]},"7":{"loc":{"start":{"line":81,"column":6},"end":{"line":83,"column":2}},"type":"if","locations":[{"start":{"line":81,"column":6},"end":{"line":83,"column":2}}]}},"s":{"0":1,"1":16,"2":0,"3":0,"4":0,"5":0,"6":0,"7":0,"8":0,"9":0,"10":0,"11":0,"12":0,"13":1,"14":1,"15":1,"16":1,"17":1,"18":1,"19":1,"20":1,"21":1,"22":1,"23":1,"24":1,"25":1,"26":1,"27":1,"28":1,"29":1,"30":0,"31":1,"32":0,"33":1,"34":0,"35":0,"36":0,"37":1,"38":0,"39":0,"40":0,"41":0,"42":0,"43":1},"f":{"0":16,"1":0,"2":0,"3":0,"4":0,"5":0},"b":{"0":[0,0,0,0,0,0,0,0,0],"1":[0,0,0,0,0,0,0],"2":[0],"3":[0,0,0,0],"4":[0,0],"5":[0,0],"6":[0,0],"7":[0]}}
,"/Users/keshav/package/csview/src/style/index.ts": {"path":"/Users/keshav/package/csview/src/style/index.ts","statementMap":{"0":{"start":{"line":1,"column":0},"end":{"line":1,"column":27}},"1":{"start":{"line":2,"column":0},"end":{"line":2,"column":24}},"2":{"start":{"line":3,"column":0},"end":{"line":3,"column":25}},"3":{"start":{"line":4,"column":0},"end":{"line":4,"column":22}},"4":{"start":{"line":5,"column":0},"end":{"line":5,"column":23}}},"fnMap":{},"branchMap":{},"s":{"0":1,"1":1,"2":1,"3":1,"4":1},"f":{},"b":{}}
,"/Users/keshav/package/csview/src/style/padding.ts": {"path":"/Users/keshav/package/csview/src/style/padding.ts","statementMap":{"0":{"start":{"line":6,"column":1},"end":{"line":21,"column":null}},"1":{"start":{"line":7,"column":2},"end":{"line":7,"column":null}},"2":{"start":{"line":8,"column":6},"end":{"line":21,"column":null}},"3":{"start":{"line":9,"column":2},"end":{"line":9,"column":null}},"4":{"start":{"line":10,"column":6},"end":{"line":21,"column":null}},"5":{"start":{"line":11,"column":2},"end":{"line":11,"column":null}},"6":{"start":{"line":12,"column":6},"end":{"line":21,"column":null}},"7":{"start":{"line":13,"column":2},"end":{"line":13,"column":null}},"8":{"start":{"line":14,"column":6},"end":{"line":21,"column":null}},"9":{"start":{"line":15,"column":2},"end":{"line":15,"column":null}},"10":{"start":{"line":16,"column":6},"end":{"line":21,"column":null}},"11":{"start":{"line":17,"column":2},"end":{"line":17,"column":null}},"12":{"start":{"line":18,"column":6},"end":{"line":21,"column":null}},"13":{"start":{"line":19,"column":2},"end":{"line":19,"column":null}},"14":{"start":{"line":21,"column":2},"end":{"line":21,"column":null}},"15":{"start":{"line":5,"column":0},"end":{"line":5,"column":16}},"16":{"start":{"line":25,"column":1},"end":{"line":25,"column":null}},"17":{"start":{"line":29,"column":1},"end":{"line":31,"column":null}},"18":{"start":{"line":30,"column":2},"end":{"line":30,"column":null}},"19":{"start":{"line":32,"column":1},"end":{"line":32,"column":null}},"20":{"start":{"line":28,"column":0},"end":{"line":28,"column":16}},"21":{"start":{"line":36,"column":1},"end":{"line":36,"column":null}},"22":{"start":{"line":37,"column":1},"end":{"line":37,"column":null}},"23":{"start":{"line":38,"column":1},"end":{"line":38,"column":null}},"24":{"start":{"line":39,"column":1},"end":{"line":39,"column":null}},"25":{"start":{"line":40,"column":1},"end":{"line":40,"column":null}},"26":{"start":{"line":35,"column":0},"end":{"line":35,"column":16}}},"fnMap":{"0":{"name":"getPadding","decl":{"start":{"line":5,"column":16},"end":{"line":5,"column":26}},"loc":{"start":{"line":5,"column":59},"end":{"line":22,"column":1}}},"1":{"name":"equalPadding","decl":{"start":{"line":24,"column":9},"end":{"line":24,"column":21}},"loc":{"start":{"line":24,"column":39},"end":{"line":26,"column":1}}},"2":{"name":"addPadding","decl":{"start":{"line":28,"column":16},"end":{"line":28,"column":26}},"loc":{"start":{"line":28,"column":72},"end":{"line":33,"column":1}}},"3":{"name":"(anonymous_3)","decl":{"start":{"line":29,"column":16},"end":{"line":29,"column":17}},"loc":{"start":{"line":29,"column":27},"end":{"line":31,"column":2}}},"4":{"name":"insertPadding","decl":{"start":{"line":35,"column":16},"end":{"line":35,"column":29}},"loc":{"start":{"line":35,"column":70},"end":{"line":41,"column":1}}}},"branchMap":{"0":{"loc":{"start":{"line":6,"column":1},"end":{"line":21,"column":null}},"type":"if","locations":[{"start":{"line":6,"column":1},"end":{"line":21,"column":null}},{"start":{"line":8,"column":6},"end":{"line":21,"column":null}}]},"1":{"loc":{"start":{"line":8,"column":6},"end":{"line":21,"column":null}},"type":"if","locations":[{"start":{"line":8,"column":6},"end":{"line":21,"column":null}},{"start":{"line":10,"column":6},"end":{"line":21,"column":null}}]},"2":{"loc":{"start":{"line":10,"column":6},"end":{"line":21,"column":null}},"type":"if","locations":[{"start":{"line":10,"column":6},"end":{"line":21,"column":null}},{"start":{"line":12,"column":6},"end":{"line":21,"column":null}}]},"3":{"loc":{"start":{"line":12,"column":6},"end":{"line":21,"column":null}},"type":"if","locations":[{"start":{"line":12,"column":6},"end":{"line":21,"column":null}},{"start":{"line":14,"column":6},"end":{"line":21,"column":null}}]},"4":{"loc":{"start":{"line":14,"column":6},"end":{"line":21,"column":null}},"type":"if","locations":[{"start":{"line":14,"column":6},"end":{"line":21,"column":null}},{"start":{"line":16,"column":6},"end":{"line":21,"column":null}}]},"5":{"loc":{"start":{"line":16,"column":6},"end":{"line":21,"column":null}},"type":"if","locations":[{"start":{"line":16,"column":6},"end":{"line":21,"column":null}},{"start":{"line":18,"column":6},"end":{"line":21,"column":null}}]},"6":{"loc":{"start":{"line":18,"column":6},"end":{"line":21,"column":null}},"type":"if","locations":[{"start":{"line":18,"column":6},"end":{"line":21,"column":null}},{"start":{"line":21,"column":2},"end":{"line":21,"column":null}}]},"7":{"loc":{"start":{"line":24,"column":22},"end":{"line":24,"column":39}},"type":"default-arg","locations":[{"start":{"line":24,"column":38},"end":{"line":24,"column":39}}]}},"s":{"0":0,"1":0,"2":0,"3":0,"4":0,"5":0,"6":0,"7":0,"8":0,"9":0,"10":0,"11":0,"12":0,"13":0,"14":0,"15":1,"16":0,"17":0,"18":0,"19":0,"20":1,"21":0,"22":0,"23":0,"24":0,"25":0,"26":1},"f":{"0":0,"1":0,"2":0,"3":0,"4":0},"b":{"0":[0,0],"1":[0,0],"2":[0,0],"3":[0,0],"4":[0,0],"5":[0,0],"6":[0,0],"7":[0]}}
,"/Users/keshav/package/csview/src/style/size.ts": {"path":"/Users/keshav/package/csview/src/style/size.ts","statementMap":{"0":{"start":{"line":6,"column":0},"end":{"line":6,"column":null}},"1":{"start":{"line":17,"column":1},"end":{"line":25,"column":2}},"2":{"start":{"line":18,"column":16},"end":{"line":18,"column":67}},"3":{"start":{"line":19,"column":2},"end":{"line":24,"column":3}},"4":{"start":{"line":20,"column":18},"end":{"line":20,"column":39}},"5":{"start":{"line":21,"column":3},"end":{"line":21,"column":null}},"6":{"start":{"line":22,"column":3},"end":{"line":22,"column":null}},"7":{"start":{"line":23,"column":3},"end":{"line":23,"column":null}},"8":{"start":{"line":26,"column":1},"end":{"line":31,"column":2}},"9":{"start":{"line":27,"column":17},"end":{"line":27,"column":71}},"10":{"start":{"line":28,"column":2},"end":{"line":30,"column":3}},"11":{"start":{"line":29,"column":3},"end":{"line":29,"column":null}},"12":{"start":{"line":32,"column":1},"end":{"line":32,"column":null}},"13":{"start":{"line":16,"column":0},"end":{"line":16,"column":16}},"14":{"start":{"line":39,"column":1},"end":{"line":56,"column":2}},"15":{"start":{"line":40,"column":20},"end":{"line":40,"column":53}},"16":{"start":{"line":42,"column":2},"end":{"line":44,"column":null}},"17":{"start":{"line":46,"column":6},"end":{"line":56,"column":2}},"18":{"start":{"line":47,"column":2},"end":{"line":47,"column":null}},"19":{"start":{"line":50,"column":6},"end":{"line":56,"column":2}},"20":{"start":{"line":51,"column":2},"end":{"line":54,"column":3}},"21":{"start":{"line":52,"column":22},"end":{"line":52,"column":66}},"22":{"start":{"line":53,"column":3},"end":{"line":53,"column":null}},"23":{"start":{"line":55,"column":2},"end":{"line":55,"column":null}},"24":{"start":{"line":57,"column":1},"end":{"line":57,"column":null}},"25":{"start":{"line":35,"column":0},"end":{"line":35,"column":16}},"26":{"start":{"line":62,"column":16},"end":{"line":62,"column":60}},"27":{"start":{"line":63,"column":14},"end":{"line":63,"column":54}},"28":{"start":{"line":65,"column":1},"end":{"line":65,"column":null}},"29":{"start":{"line":66,"column":1},"end":{"line":66,"column":null}},"30":{"start":{"line":67,"column":1},"end":{"line":70,"column":null}},"31":{"start":{"line":68,"column":2},"end":{"line":68,"column":null}},"32":{"start":{"line":70,"column":2},"end":{"line":70,"column":null}},"33":{"start":{"line":71,"column":1},"end":{"line":71,"column":null}},"34":{"start":{"line":72,"column":1},"end":{"line":72,"column":null}},"35":{"start":{"line":77,"column":1},"end":{"line":77,"column":null}},"36":{"start":{"line":60,"column":0},"end":{"line":60,"column":16}},"37":{"start":{"line":82,"column":1},"end":{"line":109,"column":2}},"38":{"start":{"line":83,"column":2},"end":{"line":83,"column":null}},"39":{"start":{"line":85,"column":6},"end":{"line":109,"column":2}},"40":{"start":{"line":86,"column":2},"end":{"line":87,"column":null}},"41":{"start":{"line":87,"column":3},"end":{"line":87,"column":null}},"42":{"start":{"line":88,"column":2},"end":{"line":88,"column":null}},"43":{"start":{"line":91,"column":6},"end":{"line":109,"column":2}},"44":{"start":{"line":92,"column":18},"end":{"line":92,"column":71}},"45":{"start":{"line":93,"column":2},"end":{"line":103,"column":3}},"46":{"start":{"line":95,"column":3},"end":{"line":102,"column":null}},"47":{"start":{"line":96,"column":4},"end":{"line":96,"column":null}},"48":{"start":{"line":98,"column":8},"end":{"line":102,"column":null}},"49":{"start":{"line":99,"column":4},"end":{"line":99,"column":null}},"50":{"start":{"line":102,"column":4},"end":{"line":102,"column":null}},"51":{"start":{"line":105,"column":6},"end":{"line":109,"column":2}},"52":{"start":{"line":106,"column":16},"end":{"line":106,"column":32}},"53":{"start":{"line":107,"column":2},"end":{"line":108,"column":null}},"54":{"start":{"line":108,"column":3},"end":{"line":108,"column":null}},"55":{"start":{"line":110,"column":1},"end":{"line":110,"column":null}},"56":{"start":{"line":80,"column":0},"end":{"line":80,"column":16}},"57":{"start":{"line":114,"column":1},"end":{"line":114,"column":null}},"58":{"start":{"line":113,"column":0},"end":{"line":113,"column":16}}},"fnMap":{"0":{"name":"initializeSize","decl":{"start":{"line":16,"column":16},"end":{"line":16,"column":30}},"loc":{"start":{"line":16,"column":78},"end":{"line":33,"column":1}}},"1":{"name":"finalizeSize","decl":{"start":{"line":35,"column":16},"end":{"line":35,"column":28}},"loc":{"start":{"line":35,"column":96},"end":{"line":58,"column":1}}},"2":{"name":"finalizeTextSize","decl":{"start":{"line":60,"column":16},"end":{"line":60,"column":32}},"loc":{"start":{"line":60,"column":80},"end":{"line":78,"column":1}}},"3":{"name":"parseSize","decl":{"start":{"line":80,"column":16},"end":{"line":80,"column":25}},"loc":{"start":{"line":80,"column":83},"end":{"line":111,"column":1}}},"4":{"name":"autoSize","decl":{"start":{"line":113,"column":16},"end":{"line":113,"column":24}},"loc":{"start":{"line":113,"column":47},"end":{"line":115,"column":1}}}},"branchMap":{"0":{"loc":{"start":{"line":17,"column":1},"end":{"line":25,"column":2}},"type":"if","locations":[{"start":{"line":17,"column":1},"end":{"line":25,"column":2}}]},"1":{"loc":{"start":{"line":19,"column":2},"end":{"line":24,"column":3}},"type":"if","locations":[{"start":{"line":19,"column":2},"end":{"line":24,"column":3}}]},"2":{"loc":{"start":{"line":26,"column":1},"end":{"line":31,"column":2}},"type":"if","locations":[{"start":{"line":26,"column":1},"end":{"line":31,"column":2}}]},"3":{"loc":{"start":{"line":28,"column":2},"end":{"line":30,"column":3}},"type":"if","locations":[{"start":{"line":28,"column":2},"end":{"line":30,"column":3}}]},"4":{"loc":{"start":{"line":39,"column":1},"end":{"line":56,"column":2}},"type":"if","locations":[{"start":{"line":39,"column":1},"end":{"line":56,"column":2}},{"start":{"line":46,"column":6},"end":{"line":56,"column":2}}]},"5":{"loc":{"start":{"line":42,"column":32},"end":{"line":44,"column":19}},"type":"cond-expr","locations":[{"start":{"line":43,"column":3},"end":{"line":43,"column":54}},{"start":{"line":44,"column":3},"end":{"line":44,"column":19}}]},"6":{"loc":{"start":{"line":46,"column":6},"end":{"line":56,"column":2}},"type":"if","locations":[{"start":{"line":46,"column":6},"end":{"line":56,"column":2}},{"start":{"line":50,"column":6},"end":{"line":56,"column":2}}]},"7":{"loc":{"start":{"line":50,"column":6},"end":{"line":56,"column":2}},"type":"if","locations":[{"start":{"line":50,"column":6},"end":{"line":56,"column":2}}]},"8":{"loc":{"start":{"line":51,"column":2},"end":{"line":54,"column":3}},"type":"if","locations":[{"start":{"line":51,"column":2},"end":{"line":54,"column":3}}]},"9":{"loc":{"start":{"line":51,"column":6},"end":{"line":51,"column":59}},"type":"binary-expr","locations":[{"start":{"line":51,"column":6},"end":{"line":51,"column":27}},{"start":{"line":51,"column":31},"end":{"line":51,"column":59}}]},"10":{"loc":{"start":{"line":67,"column":1},"end":{"line":70,"column":null}},"type":"if","locations":[{"start":{"line":67,"column":1},"end":{"line":70,"column":null}},{"start":{"line":70,"column":2},"end":{"line":70,"column":null}}]},"11":{"loc":{"start":{"line":67,"column":5},"end":{"line":67,"column":86}},"type":"binary-expr","locations":[{"start":{"line":67,"column":5},"end":{"line":67,"column":26}},{"start":{"line":67,"column":30},"end":{"line":67,"column":52}},{"start":{"line":67,"column":56},"end":{"line":67,"column":86}}]},"12":{"loc":{"start":{"line":82,"column":1},"end":{"line":109,"column":2}},"type":"if","locations":[{"start":{"line":82,"column":1},"end":{"line":109,"column":2}},{"start":{"line":85,"column":6},"end":{"line":109,"column":2}}]},"13":{"loc":{"start":{"line":85,"column":6},"end":{"line":109,"column":2}},"type":"if","locations":[{"start":{"line":85,"column":6},"end":{"line":109,"column":2}},{"start":{"line":91,"column":6},"end":{"line":109,"column":2}}]},"14":{"loc":{"start":{"line":86,"column":2},"end":{"line":87,"column":null}},"type":"if","locations":[{"start":{"line":86,"column":2},"end":{"line":87,"column":null}}]},"15":{"loc":{"start":{"line":88,"column":9},"end":{"line":88,"column":51}},"type":"cond-expr","locations":[{"start":{"line":88,"column":25},"end":{"line":88,"column":44}},{"start":{"line":88,"column":47},"end":{"line":88,"column":51}}]},"16":{"loc":{"start":{"line":91,"column":6},"end":{"line":109,"column":2}},"type":"if","locations":[{"start":{"line":91,"column":6},"end":{"line":109,"column":2}},{"start":{"line":105,"column":6},"end":{"line":109,"column":2}}]},"17":{"loc":{"start":{"line":93,"column":2},"end":{"line":103,"column":3}},"type":"if","locations":[{"start":{"line":93,"column":2},"end":{"line":103,"column":3}}]},"18":{"loc":{"start":{"line":95,"column":3},"end":{"line":102,"column":null}},"type":"if","locations":[{"start":{"line":95,"column":3},"end":{"line":102,"column":null}},{"start":{"line":98,"column":8},"end":{"line":102,"column":null}}]},"19":{"loc":{"start":{"line":95,"column":7},"end":{"line":95,"column":36}},"type":"binary-expr","locations":[{"start":{"line":95,"column":7},"end":{"line":95,"column":20}},{"start":{"line":95,"column":24},"end":{"line":95,"column":36}}]},"20":{"loc":{"start":{"line":96,"column":11},"end":{"line":96,"column":78}},"type":"cond-expr","locations":[{"start":{"line":96,"column":30},"end":{"line":96,"column":66}},{"start":{"line":96,"column":69},"end":{"line":96,"column":78}}]},"21":{"loc":{"start":{"line":98,"column":8},"end":{"line":102,"column":null}},"type":"if","locations":[{"start":{"line":98,"column":8},"end":{"line":102,"column":null}},{"start":{"line":102,"column":4},"end":{"line":102,"column":null}}]},"22":{"loc":{"start":{"line":98,"column":12},"end":{"line":98,"column":47}},"type":"binary-expr","locations":[{"start":{"line":98,"column":12},"end":{"line":98,"column":28}},{"start":{"line":98,"column":32},"end":{"line":98,"column":47}}]},"23":{"loc":{"start":{"line":105,"column":6},"end":{"line":109,"column":2}},"type":"if","locations":[{"start":{"line":105,"column":6},"end":{"line":109,"column":2}}]},"24":{"loc":{"start":{"line":107,"column":2},"end":{"line":108,"column":null}},"type":"if","locations":[{"start":{"line":107,"column":2},"end":{"line":108,"column":null}}]},"25":{"loc":{"start":{"line":108,"column":10},"end":{"line":108,"column":66}},"type":"cond-expr","locations":[{"start":{"line":108,"column":26},"end":{"line":108,"column":58}},{"start":{"line":108,"column":61},"end":{"line":108,"column":66}}]},"26":{"loc":{"start":{"line":114,"column":8},"end":{"line":114,"column":38}},"type":"binary-expr","locations":[{"start":{"line":114,"column":8},"end":{"line":114,"column":20}},{"start":{"line":114,"column":24},"end":{"line":114,"column":38}}]}},"s":{"0":1,"1":0,"2":0,"3":0,"4":0,"5":0,"6":0,"7":0,"8":0,"9":0,"10":0,"11":0,"12":0,"13":1,"14":0,"15":0,"16":0,"17":0,"18":0,"19":0,"20":0,"21":0,"22":0,"23":0,"24":0,"25":1,"26":0,"27":0,"28":0,"29":0,"30":0,"31":0,"32":0,"33":0,"34":0,"35":0,"36":1,"37":0,"38":0,"39":0,"40":0,"41":0,"42":0,"43":0,"44":0,"45":0,"46":0,"47":0,"48":0,"49":0,"50":0,"51":0,"52":0,"53":0,"54":0,"55":0,"56":1,"57":0,"58":1},"f":{"0":0,"1":0,"2":0,"3":0,"4":0},"b":{"0":[0],"1":[0],"2":[0],"3":[0],"4":[0,0],"5":[0,0],"6":[0,0],"7":[0],"8":[0],"9":[0,0],"10":[0,0],"11":[0,0,0],"12":[0,0],"13":[0,0],"14":[0],"15":[0,0],"16":[0,0],"17":[0],"18":[0,0],"19":[0,0],"20":[0,0],"21":[0,0],"22":[0,0],"23":[0],"24":[0],"25":[0,0],"26":[0,0]}}
}
